<?xml version="1.0" encoding="utf-8"?><testsuites name="pytest tests"><testsuite name="pytest" errors="0" failures="8" skipped="4" tests="1625" time="749.726" timestamp="2026-08-25T11:00:25.401424-04:00" hostname="LAPTOP-QT7GRCMS"><testcase classname="tests.test_algorithm_configuration_preflight.AlgorithmConfigurationPreflightTests" name="test_complete_manifest_is_built_without_objective_evaluation" time="0.177" /><testcase classname="tests.test_algorithm_configuration_preflight.AlgorithmConfigurationPreflightTests" name="test_launch_manifest_mismatch_prevents_algorithm_start" time="0.002" /><testcase classname="tests.test_algorithm_configuration_preflight.AlgorithmConfigurationPreflightTests" name="test_nonexact_anchor_budget_fails_before_search" time="0.002" /><testcase classname="tests.test_anytime_checkpoint_contract.AnytimeCheckpointContractTests" name="test_formal_auc_rejects_a_missing_common_checkpoint" time="0.001" /><testcase classname="tests.test_anytime_checkpoint_contract.AnytimeCheckpointContractTests" name="test_formal_auc_rejects_raw_hv_fallback_without_front" time="0.000" /><testcase classname="tests.test_anytime_checkpoint_contract.AnytimeCheckpointContractTests" name="test_left_step_auc_does_not_reward_sparse_interpolation" time="0.000" /><testcase classname="tests.test_anytime_checkpoint_contract.AnytimeCheckpointContractTests" name="test_pls_emits_exact_passive_archive_checkpoints" time="0.001" /><testcase classname="tests.test_anytime_checkpoint_contract.AnytimeCheckpointContractTests" name="test_smc_emits_exact_passive_archive_checkpoints" time="0.002" /><testcase classname="tests.test_archive.ArchiveTests" name="test_archive_keeps_nondominated_entries" time="0.000" /><testcase classname="tests.test_archive.ArchiveTests" name="test_dominance" time="0.000" /><testcase classname="tests.test_archive.ArchiveTests" name="test_hypervolume_2d" time="0.000" /><testcase classname="tests.test_baselines.BaselineTests" name="test_baselines_small_run" time="0.005" /><testcase classname="tests.test_baselines.BaselineTests" name="test_external_anytime_fronts_are_rebuilt_cumulatively" time="0.002" /><testcase classname="tests.test_baselines.BaselineTests" name="test_external_budget_and_anytime_steps_fail_closed" time="0.003" /><testcase classname="tests.test_baselines.BaselineTests" name="test_external_objectives_are_recomputed_and_mismatches_rejected" time="0.000" /><testcase classname="tests.test_baselines.BaselineTests" name="test_mature_solver_bridge_env_uses_protocol_adapter" time="0.000" /><testcase classname="tests.test_baselines.BaselineTests" name="test_motsp_pls_exposes_explicit_archive_tolerance" time="0.001" /><testcase classname="tests.test_baselines.BaselineTests" name="test_motsp_pls_restart_v2_fails_if_tour_space_is_exhausted" time="0.001" /><testcase classname="tests.test_baselines.BaselineTests" name="test_motsp_pls_restart_v2_is_deterministic_with_fallback" time="0.001" /><testcase classname="tests.test_baselines.BaselineTests" name="test_motsp_pls_restart_v2_makes_progress_after_stalled_expansion" time="0.001" /><testcase classname="tests.test_baselines.BaselineTests" name="test_order_crossover_preserves_permutation" time="0.000" /><testcase classname="tests.test_benchmark.BenchmarkTests" name="test_adaptive_heuristic_aliases_emit_an_explicit_claim_boundary" time="0.001" /><testcase classname="tests.test_benchmark.BenchmarkTests" name="test_backend_specific_neural_prior_path_overrides_generic" time="0.000" /><testcase classname="tests.test_benchmark.BenchmarkTests" name="test_benchmark_can_emit_certified_transition_traces" time="0.932" /><testcase classname="tests.test_benchmark.BenchmarkTests" name="test_benchmark_uses_frozen_external_metric_reference" time="0.008" /><testcase classname="tests.test_benchmark.BenchmarkTests" name="test_benchmark_writes_neural_spectral_logs" time="0.017" /><testcase classname="tests.test_benchmark.BenchmarkTests" name="test_benchmark_writes_outputs" time="0.021" /><testcase classname="tests.test_benchmark.BenchmarkTests" name="test_certified_env_parameters_change_configuration_signature" time="0.017" /><testcase classname="tests.test_benchmark.BenchmarkTests" name="test_frozen_v11_suite_binds_integer_matrix_artifacts" time="0.015" /><testcase classname="tests.test_benchmark.BenchmarkTests" name="test_memory_replay_does_not_reset_caller_owned_tracemalloc" time="0.003" /><testcase classname="tests.test_benchmark.BenchmarkTests" name="test_metric_reference_freeze_rejects_evaluated_theory_arms" time="0.004" /><testcase classname="tests.test_benchmark.BenchmarkTests" name="test_pareto_smc_alias_fails_without_a_manifest" time="0.001" /><testcase classname="tests.test_benchmark.BenchmarkTests" name="test_pareto_smc_alias_requires_and_binds_the_external_manifest" time="0.002" /><testcase classname="tests.test_benchmark.BenchmarkTests" name="test_pilot_confirm_v11_alias_charges_both_streams" time="0.969" /><testcase classname="tests.test_benchmark.BenchmarkTests" name="test_pilot_confirm_v12_alias_binds_regeneration_commitment" time="1.826" /><testcase classname="tests.test_benchmark.BenchmarkTests" name="test_seed_major_balanced_execution_rotates_algorithm_order" time="0.001" /><testcase classname="tests.test_benchmark.BenchmarkTests" name="test_suite_aggregate_carries_publication_packet_gate" time="0.033" /><testcase classname="tests.test_benchmark.BenchmarkTests" name="test_suite_can_override_case_evaluation_budget" time="0.009" /><testcase classname="tests.test_benchmark.BenchmarkTests" name="test_targetflow_efficient_is_prior_only_and_drops_unsupported_overheads" time="0.008" /><testcase classname="tests.test_benchmark.BenchmarkTests" name="test_targetflow_efficient_safely_disables_neural_path_without_priors" time="0.007" /><testcase classname="tests.test_benchmark.BenchmarkTests" name="test_theory_ablation_aliases_change_only_prior_treatment" time="0.016" /><testcase classname="tests.test_benchmark.BenchmarkTests" name="test_theory_ablation_real_priors_share_initial_rng_contract" time="0.001"><skipped type="pytest.skip" message="torch is required for the production PCD prior seam">D:\MO_NCO\tests\test_benchmark.py:811: torch is required for the production PCD prior seam</skipped></testcase><testcase classname="tests.test_benchmark.BenchmarkTests" name="test_theory_certified_alias_uses_positive_temperature_control" time="0.003" /><testcase classname="tests.test_benchmark.BenchmarkTests" name="test_theory_optimized_alias_fails_fast_without_priors" time="0.002" /><testcase classname="tests.test_benchmark.BenchmarkTests" name="test_theory_optimized_alias_requires_endpoint_contract_at_runtime" time="0.020" /><testcase classname="tests.test_benchmark.BenchmarkTests" name="test_v12_benchmark_record_carries_publication_packet_gate" time="1.977" /><testcase classname="tests.test_build_v9r2r1_engineering_source_bundle" name="test_source_bundle_is_reproducible_and_self_verified" time="1.143" /><testcase classname="tests.test_build_v9r2r1_engineering_source_bundle" name="test_manifest_is_canonical_self_hashed_and_includes_integration_fix" time="0.003" /><testcase classname="tests.test_build_v9r2r1_engineering_source_bundle" name="test_zip_exact_closure_metadata_and_detached_manifest_match" time="0.136" /><testcase classname="tests.test_build_v9r2r1_engineering_source_bundle" name="test_verifier_fails_closed_on_detached_manifest_drift" time="0.008" /><testcase classname="tests.test_build_v9r2r1_engineering_source_bundle" name="test_verifier_fails_closed_on_live_source_drift" time="0.245" /><testcase classname="tests.test_build_v9r2r1_engineering_source_bundle" name="test_builder_requires_an_existing_empty_output_directory" time="0.008" /><testcase classname="tests.test_check_v9r2r1_full_suite_environment" name="test_pass_only_authorizes_starting_the_full_test_command" time="0.003" /><testcase classname="tests.test_check_v9r2r1_full_suite_environment" name="test_native_backend_load_failure_is_a_fail_closed_environment_hold" time="0.002" /><testcase classname="tests.test_check_v9r2r1_full_suite_environment" name="test_version_or_interpreter_drift_is_not_accepted" time="0.002" /><testcase classname="tests.test_check_v9r2r1_full_suite_environment" name="test_native_inventory_error_fails_closed_without_hiding_import_pass" time="0.012" /><testcase classname="tests.test_check_v9r2r1_full_suite_environment" name="test_exclusive_receipt_is_canonical_and_refuses_overwrite" time="0.034" /><testcase classname="tests.test_context_contracts_v6.ContextContractV6Tests" name="test_python_path_replays_every_normalization_context_jump" time="0.014" /><testcase classname="tests.test_enumerable_kernel_audit.EnumerableKernelAuditTests" name="test_cli_default_laziness_matches_the_production_kernel" time="0.003" /><testcase classname="tests.test_enumerable_kernel_audit.EnumerableKernelAuditTests" name="test_exact_rows_irreducibility_and_detailed_balance" time="0.010" /><testcase classname="tests.test_enumerable_kernel_audit.EnumerableKernelAuditTests" name="test_explicit_product_matrix_confirms_random_scan_gap_formula" time="0.015" /><testcase classname="tests.test_enumerable_kernel_audit.EnumerableKernelAuditTests" name="test_feasible_grid_points_are_not_reported_as_continuous_intervals" time="0.001" /><testcase classname="tests.test_enumerable_kernel_audit.EnumerableKernelAuditTests" name="test_frozen_context_and_typed_energy_match_production_kernel" time="0.003" /><testcase classname="tests.test_enumerable_kernel_audit.EnumerableKernelAuditTests" name="test_lazy_evaluation_clock_repairs_active_kernel_periodicity" time="0.001" /><testcase classname="tests.test_enumerable_kernel_audit.EnumerableKernelAuditTests" name="test_writes_machine_auditable_json_and_csv" time="0.007" /><testcase classname="tests.test_external_mature_references.MatureReferenceTests" name="test_paquete_kro_case_parser_accepts_public_suite_names" time="0.001" /><testcase classname="tests.test_external_mature_references.MatureReferenceTests" name="test_paquete_tour_parser_rotates_and_reevaluates" time="0.000" /><testcase classname="tests.test_external_mature_references.MatureReferenceTests" name="test_paquete_tpls_catalog_uses_strongest_ab_archives" time="0.000" /><testcase classname="tests.test_external_pymoo_baseline.ExternalPymooBaselineTests" name="test_exact_budget_for_nsga2_and_moead_across_seeds" time="0.486" /><testcase classname="tests.test_external_pymoo_baseline.ExternalPymooBaselineTests" name="test_final_archive_includes_survival_rejected_offspring" time="0.159" /><testcase classname="tests.test_external_pymoo_baseline.ExternalPymooBaselineTests" name="test_moead_population_one_fails_before_evaluation" time="0.005" /><testcase classname="tests.test_external_pymoo_baseline.ExternalPymooBaselineTests" name="test_nondivisible_budget_fails_instead_of_rounding" time="0.007" /><testcase classname="tests.test_ijoc_algorithm_adapters.IJOCAlgorithmAdapterTests" name="test_frozen_motsp_packets_are_in_the_exact_integer_domain" time="1.970" /><testcase classname="tests.test_ijoc_algorithm_adapters.IJOCAlgorithmAdapterTests" name="test_mokp_pls_adapter_and_independent_replay" time="0.437" /><testcase classname="tests.test_ijoc_algorithm_adapters.IJOCAlgorithmAdapterTests" name="test_mokp_treatment_adapter_and_independent_replay" time="0.443" /><testcase classname="tests.test_ijoc_algorithm_adapters.IJOCAlgorithmAdapterTests" name="test_motsp_pls_adapter_and_independent_replay" time="0.430" /><testcase classname="tests.test_ijoc_algorithm_adapters.IJOCAlgorithmAdapterTests" name="test_motsp_pls_adapter_fixes_exact_archive_tolerance" time="0.002" /><testcase classname="tests.test_ijoc_algorithm_adapters.IJOCAlgorithmAdapterTests" name="test_motsp_pls_restart_v2_adapter_and_independent_replay" time="0.419" /><testcase classname="tests.test_ijoc_algorithm_adapters.IJOCAlgorithmAdapterTests" name="test_motsp_pymoo_adapters_and_independent_replay" time="1.927" /><testcase classname="tests.test_ijoc_algorithm_adapters.IJOCAlgorithmAdapterTests" name="test_motsp_treatment_adapter_and_independent_replay" time="0.495" /><testcase classname="tests.test_ijoc_mokp_baselines.IJOCMOKPBaselineTests" name="test_all_native_baselines_are_budget_exact_and_replayable" time="0.037" /><testcase classname="tests.test_ijoc_mokp_baselines.IJOCMOKPBaselineTests" name="test_unknown_baseline_fails_closed" time="0.002" /><testcase classname="tests.test_incremental_evaluation.IncrementalEvaluationTests" name="test_asymmetric_two_opt_falls_back_to_full_exact_evaluation" time="0.001" /><testcase classname="tests.test_incremental_evaluation.IncrementalEvaluationTests" name="test_cancellation_counterexample_fails_safe_to_full_sum" time="0.002" /><testcase classname="tests.test_incremental_evaluation.IncrementalEvaluationTests" name="test_counted_two_opt_delta_charges_one_true_evaluation" time="0.002" /><testcase classname="tests.test_incremental_evaluation.IncrementalEvaluationTests" name="test_nonintegral_symmetric_instance_uses_exact_full_fallback" time="0.002" /><testcase classname="tests.test_incremental_evaluation.IncrementalEvaluationTests" name="test_safe_domain_product_gate_uses_exact_integer_arithmetic" time="0.014" /><testcase classname="tests.test_incremental_evaluation.IncrementalEvaluationTests" name="test_safe_integer_multiobjective_delta_is_bitwise_exact" time="0.009" /><testcase classname="tests.test_ips_certified.CertifiedSingleSiteIPSTests" name="test_certified_kernel_recomputes_objectives_from_the_tour_state" time="0.002" /><testcase classname="tests.test_ips_certified.CertifiedSingleSiteIPSTests" name="test_strict_kernel_budget_is_run_local_when_counter_is_precharged" time="0.003" /><testcase classname="tests.test_ips_certified.CertifiedSingleSiteIPSTests" name="test_strict_kernel_rejects_a_smaller_remaining_counting_budget" time="0.010" /><testcase classname="tests.test_ips_certified.CertifiedSingleSiteIPSTests" name="test_strict_kernel_rejects_zero_temperature" time="0.001" /><testcase classname="tests.test_ips_certified.CertifiedSingleSiteIPSTests" name="test_strict_kernel_uses_one_site_positive_temperature_and_full_budget" time="0.003" /><testcase classname="tests.test_ips_efficient.EfficientIPSTests" name="test_diagnostics_use_true_evaluation_counter" time="0.012" /><testcase classname="tests.test_ips_efficient.EfficientIPSTests" name="test_extreme_neural_targets_weight_edge_directions" time="0.045" /><testcase classname="tests.test_ips_efficient.EfficientIPSTests" name="test_frozen_prior_loading_does_not_perturb_base_search_rng" time="0.015" /><testcase classname="tests.test_ips_efficient.EfficientIPSTests" name="test_gap_direction_scheduler_records_archive_guided_steps" time="0.013" /><testcase classname="tests.test_ips_efficient.EfficientIPSTests" name="test_late_repair_window_reactivates_neural_and_pauses_compiled_polish" time="0.006" /><testcase classname="tests.test_ips_efficient.EfficientIPSTests" name="test_learned_move_angle_penalty_prefers_target_direction" time="0.008" /><testcase classname="tests.test_ips_efficient.EfficientIPSTests" name="test_loaded_prior_obeys_runtime_no_mf_and_no_flow_ablation" time="0.018" /><testcase classname="tests.test_ips_efficient.EfficientIPSTests" name="test_local_move_check_upper_bound_is_reported" time="0.003" /><testcase classname="tests.test_ips_efficient.EfficientIPSTests" name="test_mckean_vlasov_lite_features_and_training" time="0.112" /><testcase classname="tests.test_ips_efficient.EfficientIPSTests" name="test_mean_field_features_are_bounded_relative_statistics" time="0.012" /><testcase classname="tests.test_ips_efficient.EfficientIPSTests" name="test_mean_field_guidance_can_override_candidate_rank" time="0.010" /><testcase classname="tests.test_ips_efficient.EfficientIPSTests" name="test_mechanism_diagnostics_do_not_change_search_result_or_rng" time="0.077" /><testcase classname="tests.test_ips_efficient.EfficientIPSTests" name="test_move_only_proposal_does_not_require_scalar_network" time="0.207" /><testcase classname="tests.test_ips_efficient.EfficientIPSTests" name="test_move_selection_diagnostic_is_scoped_to_policy_sampled_pool" time="0.001" /><testcase classname="tests.test_ips_efficient.EfficientIPSTests" name="test_neighbor_scalar_scoring_batches_endpoint_prior_calls" time="0.002" /><testcase classname="tests.test_ips_efficient.EfficientIPSTests" name="test_neural_child_acceptance_is_separate_from_neighbor_replacement_count" time="0.001" /><testcase classname="tests.test_ips_efficient.EfficientIPSTests" name="test_neural_proposal_and_greedy_initialization_respect_budget" time="0.044" /><testcase classname="tests.test_ips_efficient.EfficientIPSTests" name="test_neural_spectral_log_is_written_when_enabled" time="0.049" /><testcase classname="tests.test_ips_efficient.EfficientIPSTests" name="test_neural_training_examples_use_archive_conditioned_features" time="0.008" /><testcase classname="tests.test_ips_efficient.EfficientIPSTests" name="test_no_mf_learned_move_context_removes_mean_field_reward" time="0.002" /><testcase classname="tests.test_ips_efficient.EfficientIPSTests" name="test_pareto_conditioned_expert_pairs_are_audited" time="0.063" /><testcase classname="tests.test_ips_efficient.EfficientIPSTests" name="test_paretoflow_backend_runs_as_scalar_oracle" time="0.138" /><testcase classname="tests.test_ips_efficient.EfficientIPSTests" name="test_pcd_backend_runs_as_scalar_oracle" time="0.001"><skipped type="pytest.skip" message="PCD residual backend requires torch">D:\MO_NCO\tests\test_ips_efficient.py:696: PCD residual backend requires torch</skipped></testcase><testcase classname="tests.test_ips_efficient.EfficientIPSTests" name="test_pcd_backend_uses_24d_target_conditioned_learned_moves" time="0.001"><skipped type="pytest.skip" message="PCD residual backend requires torch">D:\MO_NCO\tests\test_ips_efficient.py:736: PCD residual backend requires torch</skipped></testcase><testcase classname="tests.test_ips_efficient.EfficientIPSTests" name="test_rank_fusion_can_make_neural_topk_decisive" time="0.006" /><testcase classname="tests.test_ips_efficient.EfficientIPSTests" name="test_relocate_descent_preserves_feasible_tours" time="0.032" /><testcase classname="tests.test_ips_efficient.EfficientIPSTests" name="test_required_endpoint_prior_rejects_legacy_payload" time="0.007" /><testcase classname="tests.test_ips_efficient.EfficientIPSTests" name="test_required_target_only_move_prior_rejects_conductance_head" time="0.008" /><testcase classname="tests.test_ips_efficient.EfficientIPSTests" name="test_scalar_counterfactual_diagnostic_records_change_margin_and_regret" time="0.003" /><testcase classname="tests.test_ips_efficient.EfficientIPSTests" name="test_scalar_parent_and_replacement_diagnostics_do_not_consume_rng_or_evaluations" time="0.002" /><testcase classname="tests.test_ips_efficient.EfficientIPSTests" name="test_small_run" time="0.003" /><testcase classname="tests.test_ips_efficient.EfficientIPSTests" name="test_sparse_move_generator_cfg_drops_only_conditioning" time="0.001" /><testcase classname="tests.test_ips_efficient.EfficientIPSTests" name="test_sparse_move_generator_samples_valid_two_opt_without_delta_features" time="0.007" /><testcase classname="tests.test_ips_efficient.EfficientIPSTests" name="test_uncounted_relocate_objectives_match_full_evaluation" time="0.010" /><testcase classname="tests.test_kernel_certificates.KernelCertificateTests" name="test_certificate_rejects_alias_claim_escalation" time="0.007" /><testcase classname="tests.test_kernel_certificates.KernelCertificateTests" name="test_certificate_rejects_trace_metadata_cross_link_mismatch" time="0.011" /><testcase classname="tests.test_kernel_certificates.KernelCertificateTests" name="test_metadata_certificate_accepts_complete_strict_metadata" time="0.006" /><testcase classname="tests.test_kernel_certificates.KernelCertificateTests" name="test_require_trace_rejects_metadata_only_payload" time="0.006" /><testcase classname="tests.test_kernel_certificates.KernelCertificateTests" name="test_source_bound_certificate_requires_and_checks_complete_seed_set" time="0.022" /><testcase classname="tests.test_kernel_certificates.KernelCertificateTests" name="test_source_replay_binds_initial_objectives_to_instance" time="0.012" /><testcase classname="tests.test_kernel_certificates.KernelCertificateTests" name="test_source_replay_reconstructs_the_frozen_context" time="0.014" /><testcase classname="tests.test_kernel_certificates.KernelCertificateTests" name="test_suite_manifest_source_binding_rejects_a_trace_from_another_case" time="0.030" /><testcase classname="tests.test_kernel_certificates.KernelCertificateTests" name="test_trace_rejects_a_rehashed_rng_seed_mismatch" time="0.009" /><testcase classname="tests.test_kernel_certificates.KernelCertificateTests" name="test_trace_rejects_rehashed_but_forged_context" time="0.010" /><testcase classname="tests.test_kernel_certificates.KernelCertificateTests" name="test_trace_required_certificate_replays_real_run" time="0.013" /><testcase classname="tests.test_moves.MoveTests" name="test_random_tour_valid" time="0.001" /><testcase classname="tests.test_moves.MoveTests" name="test_two_opt_is_involution_for_same_indices" time="0.001" /><testcase classname="tests.test_mv_replay.MVReplayTests" name="test_endpoint_state_projection_removes_source_action_coordinates" time="0.001" /><testcase classname="tests.test_mv_replay.MVReplayTests" name="test_generate_replay_and_train_tiny_prior" time="0.095" /><testcase classname="tests.test_neural_potential.NeuralPotentialTests" name="test_neural_potential_trains_and_delta_matches_recompute" time="0.001" /><testcase classname="tests.test_neural_potential.NeuralPotentialTests" name="test_paretoflow_scalar_net_mixed_losses_and_spectral" time="0.002" /><testcase classname="tests.test_neural_potential.NeuralPotentialTests" name="test_pcd_residual_scalar_net_mixed_losses_and_spectral" time="0.000"><skipped type="pytest.skip" message="PCD residual backend requires torch">D:\MO_NCO\tests\test_neural_potential.py:116: PCD residual backend requires torch</skipped></testcase><testcase classname="tests.test_neural_potential.NeuralPotentialTests" name="test_tiny_mlp_mixed_losses_preserve_bounded_weights" time="0.002" /><testcase classname="tests.test_neural_potential.NeuralPotentialTests" name="test_tiny_mlp_round_trip" time="0.001" /><testcase classname="tests.test_neural_potential.NeuralPotentialTests" name="test_tiny_mlp_spectral_diagnostics_track_clipping" time="0.003" /><testcase classname="tests.test_optimization_v5.OptimizationV5Tests" name="test_archive_endpoint_geometry_is_cached_within_context" time="0.009" /><testcase classname="tests.test_optimization_v5.OptimizationV5Tests" name="test_certified_rejects_instances_too_small_for_two_opt" time="0.001" /><testcase classname="tests.test_optimization_v5.OptimizationV5Tests" name="test_certified_supports_more_than_two_objectives" time="0.017" /><testcase classname="tests.test_optimization_v5.OptimizationV5Tests" name="test_certified_trace_replays_and_detects_tampering" time="0.021" /><testcase classname="tests.test_optimization_v5.OptimizationV5Tests" name="test_efficient_raw_instance_uses_total_budget_exactly" time="0.004" /><testcase classname="tests.test_optimization_v5.OptimizationV5Tests" name="test_many_objective_archive_truncates_by_crowding" time="0.001" /><testcase classname="tests.test_optimization_v5.OptimizationV5Tests" name="test_reference_directions_return_exact_many_objective_count" time="0.025" /><testcase classname="tests.test_pareto_bounds.ParetoBoundCertificateTests" name="test_all_nonempty_support_subsets_obey_the_cell_hit_gate" time="0.034" /><testcase classname="tests.test_pareto_bounds.ParetoBoundCertificateTests" name="test_archive_filter_only_preserves_one_sided_not_ordinary_igd_bound" time="0.002" /><testcase classname="tests.test_pareto_bounds.ParetoBoundCertificateTests" name="test_cells_are_half_open_except_for_the_global_upper_boundary" time="0.001" /><testcase classname="tests.test_pareto_bounds.ParetoBoundCertificateTests" name="test_exact_three_dimensional_hv_matches_inclusion_exclusion" time="0.003" /><testcase classname="tests.test_pareto_bounds.ParetoBoundCertificateTests" name="test_external_radius_can_certify_when_mse_gate_is_too_weak" time="0.001" /><testcase classname="tests.test_pareto_bounds.ParetoBoundCertificateTests" name="test_external_terminal_weights_define_the_empirical_cell_measure" time="0.009" /><testcase classname="tests.test_pareto_bounds.ParetoBoundCertificateTests" name="test_hit_pareto_cells_certify_geometry_in_both_unit_systems" time="0.006" /><testcase classname="tests.test_pareto_bounds.ParetoBoundCertificateTests" name="test_igd_uses_local_p_norm_then_arithmetic_reference_mean" time="0.010" /><testcase classname="tests.test_pareto_bounds.ParetoBoundCertificateTests" name="test_missing_cell_is_an_explicit_fail_and_breaks_geometry_bounds" time="0.008" /><testcase classname="tests.test_pareto_bounds.ParetoBoundCertificateTests" name="test_out_of_box_particle_fails_instead_of_being_clipped" time="0.002" /><testcase classname="tests.test_pareto_cell_certification.ParetoCellCertificationTests" name="test_always_resampling_branch_emits_B_L" time="0.013" /><testcase classname="tests.test_pareto_cell_certification.ParetoCellCertificationTests" name="test_bootstrap_fk_constant_is_explicit" time="0.006" /><testcase classname="tests.test_pareto_cell_certification.ParetoCellCertificationTests" name="test_contraction_aware_step_planner_meets_published_gate" time="0.001" /><testcase classname="tests.test_pareto_cell_certification.ParetoCellCertificationTests" name="test_energy_range_and_box_fail_closed" time="0.011" /><testcase classname="tests.test_pareto_cell_certification.ParetoCellCertificationTests" name="test_exact_audit_passes" time="0.020" /><testcase classname="tests.test_pareto_cell_certification.ParetoCellCertificationTests" name="test_geometry_certificate_uses_the_declared_hv_reference" time="0.001" /><testcase classname="tests.test_pareto_cell_certification.ParetoCellCertificationTests" name="test_geometry_metric_box_need_not_contain_dominated_states" time="0.007" /><testcase classname="tests.test_pareto_cell_certification.ParetoCellCertificationTests" name="test_integer_counts_and_grid_coordinates_fail_closed" time="0.001" /><testcase classname="tests.test_pareto_cell_certification.ParetoCellCertificationTests" name="test_mass_lower_bound_is_valid_on_finite_examples" time="0.006" /><testcase classname="tests.test_pareto_cell_certification.ParetoCellCertificationTests" name="test_metric_box_can_be_tighter_than_target_box" time="0.004" /><testcase classname="tests.test_pareto_cell_certification.ParetoCellCertificationTests" name="test_plan_instantiates_finite_step_radius" time="0.001" /><testcase classname="tests.test_pareto_cell_certification.ParetoCellCertificationTests" name="test_predeclared_stage_mutation_counts_bind_the_exact_budget" time="0.012" /><testcase classname="tests.test_pareto_cell_certification.ParetoCellCertificationTests" name="test_published_concentration_gate_rejects_missing_refresh" time="0.002" /><testcase classname="tests.test_pareto_cell_certification.ParetoCellCertificationTests" name="test_runtime_emits_source_bound_not_exact_claim" time="0.045" /><testcase classname="tests.test_pareto_cell_certification.ParetoCellCertificationTests" name="test_v3_spec_loader" time="0.023" /><testcase classname="tests.test_pareto_execution_contract.DomainSeparatedSeedTests" name="test_derivation_is_deterministic_and_uses_full_sha256_integer" time="0.001" /><testcase classname="tests.test_pareto_execution_contract.DomainSeparatedSeedTests" name="test_every_execution_domain_axis_changes_the_seed" time="0.002" /><testcase classname="tests.test_pareto_execution_contract.DomainSeparatedSeedTests" name="test_forged_seed_preimage_is_rejected" time="0.001" /><testcase classname="tests.test_pareto_execution_contract.DomainSeparatedSeedTests" name="test_strict_domain_validation_rejects_ambiguous_values" time="0.012" /><testcase classname="tests.test_pareto_execution_contract.FullTypeSweepCheckpointTests" name="test_disabled_checkpoint_claim_is_not_run_but_ledger_is_verified" time="0.002" /><testcase classname="tests.test_pareto_execution_contract.FullTypeSweepCheckpointTests" name="test_exact_stage_end_grid_passes" time="0.006" /><testcase classname="tests.test_pareto_execution_contract.FullTypeSweepCheckpointTests" name="test_mid_type_or_mid_stage_checkpoint_fails_explicitly" time="0.001" /><testcase classname="tests.test_pareto_execution_contract.FullTypeSweepCheckpointTests" name="test_missing_genuine_diagnostic_fails" time="0.001" /><testcase classname="tests.test_pareto_execution_contract.FullTypeSweepCheckpointTests" name="test_reference_coverage_and_evaluation_tampering_fail_closed" time="0.001" /><testcase classname="tests.test_pareto_execution_contract.ParetoSMCExecutionBindingTests" name="test_optimizer_binds_seed_and_full_sweep_metadata" time="0.004" /><testcase classname="tests.test_pareto_execution_contract.ParetoSMCExecutionBindingTests" name="test_optimizer_marks_mid_sweep_grid_fail" time="0.014" /><testcase classname="tests.test_pareto_execution_contract.ParetoSMCExecutionBindingTests" name="test_optimizer_rejects_seed_bound_to_different_instance" time="0.002" /><testcase classname="tests.test_pareto_fixed_schedule_certificate.FixedScheduleReferenceCertificateTests" name="test_end_to_end_runner_charges_both_streams" time="2.860" /><testcase classname="tests.test_pareto_fixed_schedule_certificate.FixedScheduleReferenceCertificateTests" name="test_fixed_reference_duplicate_json_fields_fail_closed" time="0.005" /><testcase classname="tests.test_pareto_fixed_schedule_certificate.FixedScheduleReferenceCertificateTests" name="test_fixed_reference_numeric_strings_and_booleans_fail_closed" time="0.016" /><testcase classname="tests.test_pareto_fixed_schedule_certificate.FixedScheduleReferenceCertificateTests" name="test_metric_tolerance_boundary_fails_closed" time="2.731" /><testcase classname="tests.test_pareto_fixed_schedule_certificate.FixedScheduleReferenceCertificateTests" name="test_nonuniform_terminal_weights_fail_closed" time="3.090" /><testcase classname="tests.test_pareto_fixed_schedule_certificate.FixedScheduleReferenceCertificateTests" name="test_pilot_confirm_certificate_is_nonvacuous_and_metric_direct" time="2.818" /><testcase classname="tests.test_pareto_fixed_schedule_certificate.FixedScheduleReferenceCertificateTests" name="test_predeclared_certificate_spec_binds_both_runs" time="2.789" /><testcase classname="tests.test_pareto_fixed_schedule_certificate.FixedScheduleReferenceCertificateTests" name="test_reference_payload_and_independent_streams_fail_closed" time="2.689" /><testcase classname="tests.test_pareto_fixed_schedule_certificate.FixedScheduleReferenceCertificateTests" name="test_v2_integer_witness_requires_exact_objective_equality" time="0.006" /><testcase classname="tests.test_pareto_fixed_schedule_certificate.FixedScheduleReferenceCertificateTests" name="test_v2_reference_witnesses_are_verified_against_instance" time="2.958" /><testcase classname="tests.test_pareto_fixed_schedule_certificate.FixedScheduleReferenceCertificateTests" name="test_v2_tolerance_only_witness_is_diagnostic_not_formal" time="0.005" /><testcase classname="tests.test_pareto_ijoc_experiment_infrastructure.IJOCExperimentInfrastructureTests" name="test_case_packet_seams_fail_closed" time="3.354" /><testcase classname="tests.test_pareto_ijoc_experiment_infrastructure.IJOCExperimentInfrastructureTests" name="test_cleanup_exceptions_are_structured_without_masking_timeout" time="1.676" /><testcase classname="tests.test_pareto_ijoc_experiment_infrastructure.IJOCExperimentInfrastructureTests" name="test_freezer_materializes_real_hash_bound_manifests_as_not_run" time="2.581" /><testcase classname="tests.test_pareto_ijoc_experiment_infrastructure.IJOCExperimentInfrastructureTests" name="test_nonzero_process_and_timeout_each_leave_terminal_evidence" time="5.027" /><testcase classname="tests.test_pareto_ijoc_experiment_infrastructure.IJOCExperimentInfrastructureTests" name="test_parallel_interrupt_leaves_atomic_terminal_receipts_for_resume" time="2.831" /><testcase classname="tests.test_pareto_ijoc_experiment_infrastructure.IJOCExperimentInfrastructureTests" name="test_parallel_residual_process_trees_share_bounded_cleanup" time="1.909" /><testcase classname="tests.test_pareto_ijoc_experiment_infrastructure.IJOCExperimentInfrastructureTests" name="test_parallel_workers_keep_cold_rows_atomic_and_resumable" time="3.601" /><testcase classname="tests.test_pareto_ijoc_experiment_infrastructure.IJOCExperimentInfrastructureTests" name="test_plumbing_prefix_is_resumable_and_never_becomes_formal" time="3.512" /><testcase classname="tests.test_pareto_ijoc_experiment_infrastructure.IJOCExperimentInfrastructureTests" name="test_postrun_accepts_complete_bound_receipts_and_detects_tamper" time="2.899" /><testcase classname="tests.test_pareto_ijoc_experiment_infrastructure.IJOCExperimentInfrastructureTests" name="test_postrun_cli_exposes_retry_and_resource_verdicts" time="0.002" /><testcase classname="tests.test_pareto_ijoc_experiment_infrastructure.IJOCExperimentInfrastructureTests" name="test_reference_precommit_completion_chain_is_acyclic_and_disjoint" time="2.107" /><testcase classname="tests.test_pareto_ijoc_experiment_infrastructure.IJOCExperimentInfrastructureTests" name="test_residual_process_tree_timeout_is_bounded_and_terminal" time="2.187" /><testcase classname="tests.test_pareto_ijoc_experiment_infrastructure.IJOCExperimentInfrastructureTests" name="test_runtime_archive_dependency_and_analysis_seams_fail_closed" time="2.931" /><testcase classname="tests.test_pareto_ijoc_experiment_infrastructure.IJOCExperimentInfrastructureTests" name="test_spawn_error_remains_explicit_terminal_evidence" time="1.760" /><testcase classname="tests.test_pareto_ijoc_experiment_infrastructure.IJOCExperimentInfrastructureTests" name="test_stratified_plumbing_covers_every_family_algorithm_budget" time="3.949" /><testcase classname="tests.test_pareto_ijoc_formal_analysis.IJOCFormalAnalysisTests" name="test_analysis_refuses_nonpassing_postrun_gate_before_reading_rows" time="0.002" /><testcase classname="tests.test_pareto_ijoc_formal_analysis.IJOCFormalAnalysisTests" name="test_cli_materializes_the_same_fail_closed_analysis_contract" time="1.869" /><testcase classname="tests.test_pareto_ijoc_formal_analysis.IJOCFormalAnalysisTests" name="test_completed_matrix_is_recomputed_bound_and_gated_end_to_end" time="2.429" /><testcase classname="tests.test_pareto_ijoc_formal_analysis.IJOCFormalAnalysisTests" name="test_exact_case_sign_flip_holm_and_primary_gate_are_precommitted" time="0.080" /><testcase classname="tests.test_pareto_ijoc_formal_analysis.IJOCFormalAnalysisTests" name="test_paired_inference_rejects_nonfinite_recomputed_values" time="0.001" /><testcase classname="tests.test_pareto_ijoc_formal_analysis.IJOCFormalAnalysisTests" name="test_recomputes_frozen_normalized_metrics_and_left_continuous_auc" time="0.001" /><testcase classname="tests.test_pareto_ijoc_formal_analysis.IJOCFormalAnalysisTests" name="test_stale_passing_postrun_cannot_hide_a_missing_terminal_row" time="2.253" /><testcase classname="tests.test_pareto_ijoc_formal_analysis.IJOCFormalAnalysisTests" name="test_stale_passing_postrun_cannot_hide_a_new_attempt_directory" time="0.899" /><testcase classname="tests.test_pareto_ijoc_formal_request.FormalFreezeRequestContractTests" name="test_python_version_matches_cold_runner_exact_version_gate" time="0.001" /><testcase classname="tests.test_pareto_ijoc_nested_verification.NestedEvidenceVerificationTests" name="test_cli_emits_machine_readable_pass_summary" time="0.288" /><testcase classname="tests.test_pareto_ijoc_nested_verification.NestedEvidenceVerificationTests" name="test_complete_nested_evidence_is_rehashed_without_mutating_inputs" time="0.160" /><testcase classname="tests.test_pareto_ijoc_nested_verification.NestedEvidenceVerificationTests" name="test_declared_path_escape_is_rejected_without_reading_outside_root" time="0.105" /><testcase classname="tests.test_pareto_ijoc_nested_verification.NestedEvidenceVerificationTests" name="test_existing_receipt_is_never_replaced" time="0.062" /><testcase classname="tests.test_pareto_ijoc_nested_verification.NestedEvidenceVerificationTests" name="test_external_and_internal_source_manifests_must_match_byte_for_byte" time="0.175" /><testcase classname="tests.test_pareto_ijoc_nested_verification.NestedEvidenceVerificationTests" name="test_tampered_row_artifact_produces_fail_receipt" time="0.136" /><testcase classname="tests.test_pareto_ijoc_reference_calibration" name="test_analytic_boxes_cover_feasible_toy_spaces" time="0.000" /><testcase classname="tests.test_pareto_ijoc_reference_calibration" name="test_reference_search_is_budget_exact_and_deterministic[MOTSP]" time="0.003" /><testcase classname="tests.test_pareto_ijoc_reference_calibration" name="test_reference_search_is_budget_exact_and_deterministic[MOKP]" time="0.002" /><testcase classname="tests.test_pareto_ijoc_reference_calibration" name="test_real_two_family_gate_is_hash_bound_and_idempotent" time="5.107" /><testcase classname="tests.test_pareto_ijoc_reference_calibration" name="test_verifier_rejects_tampered_case_artifact" time="2.837" /><testcase classname="tests.test_pareto_ijoc_reference_calibration" name="test_seed_overlap_is_fail_closed" time="0.007" /><testcase classname="tests.test_pareto_ijoc_reference_calibration" name="test_content_addressed_verifier_imports_only_from_frozen_pythonpath" time="0.915" /><testcase classname="tests.test_pareto_ijoc_results_generation" name="test_pass_fixture_generates_canonical_tex_and_status" time="0.050" /><testcase classname="tests.test_pareto_ijoc_results_generation" name="test_failed_quality_gate_is_generated_as_non_superiority" time="0.032" /><testcase classname="tests.test_pareto_ijoc_results_generation" name="test_tex_uses_four_significant_digits_without_rounding_status_json" time="0.033" /><testcase classname="tests.test_pareto_ijoc_results_generation" name="test_missing_required_input_is_rejected_without_outputs" time="0.026" /><testcase classname="tests.test_pareto_ijoc_results_generation" name="test_bound_input_hash_drift_is_rejected_without_outputs" time="0.025" /><testcase classname="tests.test_pareto_ijoc_results_generation" name="test_latex_special_characters_are_escaped_in_fixture" time="0.024" /><testcase classname="tests.test_pareto_ijoc_results_generation" name="test_cli_uses_the_same_verified_generation_contract" time="0.215" /><testcase classname="tests.test_pareto_ijoc_submission_manifest" name="test_builds_canonical_manifest_from_only_explicit_required_files" time="0.027" /><testcase classname="tests.test_pareto_ijoc_submission_manifest" name="test_preserves_author_placeholders_and_hold_markers_as_hold_status" time="0.027" /><testcase classname="tests.test_pareto_ijoc_submission_manifest" name="test_verify_recomputes_manifest_and_writes_canonical_receipt" time="0.052" /><testcase classname="tests.test_pareto_ijoc_submission_manifest" name="test_audit_receipt_recomputes_manifest_and_rejects_noncanonical_receipt" time="0.043" /><testcase classname="tests.test_pareto_ijoc_submission_manifest" name="test_rejects_missing_required_file_without_writing_manifest" time="0.008" /><testcase classname="tests.test_pareto_ijoc_submission_manifest" name="test_rejects_duplicate_required_paths_case_insensitively" time="0.009" /><testcase classname="tests.test_pareto_ijoc_submission_manifest" name="test_rejects_path_escape_and_absolute_paths[../outside.pdf]" time="0.008" /><testcase classname="tests.test_pareto_ijoc_submission_manifest" name="test_rejects_path_escape_and_absolute_paths[/absolute.pdf]" time="0.008" /><testcase classname="tests.test_pareto_ijoc_submission_manifest" name="test_rejects_path_escape_and_absolute_paths[C:/escape.pdf]" time="0.008" /><testcase classname="tests.test_pareto_ijoc_submission_manifest" name="test_rejects_noncanonical_required_file_spec" time="0.008" /><testcase classname="tests.test_pareto_ijoc_submission_manifest" name="test_rejects_manifest_output_overwriting_required_file_spec" time="0.009" /><testcase classname="tests.test_pareto_ijoc_submission_manifest" name="test_rejects_receipt_output_overwriting_required_file_spec" time="0.019" /><testcase classname="tests.test_pareto_ijoc_submission_manifest" name="test_cli_build_verify_and_audit_round_trip" time="0.614" /><testcase classname="tests.test_pareto_ijoc_tail_calibration.TailCalibrationFreezeContractTests" name="test_decision_rule_digest_matches_formal_freezer_canonical_value" time="0.002" /><testcase classname="tests.test_pareto_ijoc_tail_calibration.TailCalibrationFreezeContractTests" name="test_resumed_pipeline_gate_is_hash_stable_across_launcher_timings" time="0.001" /><testcase classname="tests.test_pareto_ijoc_v20.IJOCV20Tests" name="test_adaptive_tail_cannot_be_mixed_with_bootstrap_certificate" time="0.001" /><testcase classname="tests.test_pareto_ijoc_v20.IJOCV20Tests" name="test_adaptive_tail_preserves_exact_budget_and_pre_tail_snapshot" time="0.005" /><testcase classname="tests.test_pareto_ijoc_v20.IJOCV20Tests" name="test_archive_exact_membership_uses_tour_objective_pairs" time="0.001" /><testcase classname="tests.test_pareto_ijoc_v20.IJOCV20Tests" name="test_domain_separated_adaptive_rng_roles_are_reproducible_and_distinct" time="0.001" /><testcase classname="tests.test_pareto_ijoc_v20.IJOCV20Tests" name="test_exact_2d_single_insert_matches_bruteforce_after_every_step" time="0.935" /><testcase classname="tests.test_pareto_ijoc_v20.IJOCV20Tests" name="test_exp3_floor_normalization_and_update_domain" time="0.018" /><testcase classname="tests.test_pareto_ijoc_v20.IJOCV20Tests" name="test_generic_annealed_smc_is_single_use_and_exact_archive" time="0.003" /><testcase classname="tests.test_pareto_ijoc_v20.IJOCV20Tests" name="test_generic_annealed_smc_runs_same_skeleton_on_tsp_and_knapsack" time="0.006" /><testcase classname="tests.test_pareto_ijoc_v20.IJOCV20Tests" name="test_generic_annealed_smc_supports_true_uniform_tail" time="0.003" /><testcase classname="tests.test_pareto_ijoc_v20.IJOCV20Tests" name="test_generic_knapsack_search_uses_exact_budget_and_archive_split" time="0.006" /><testcase classname="tests.test_pareto_ijoc_v20.IJOCV20Tests" name="test_generic_search_rejects_non_symmetric_proposal_transition" time="0.001" /><testcase classname="tests.test_pareto_ijoc_v20.IJOCV20Tests" name="test_generic_smc_emits_exact_checkpoint_solution_witnesses" time="0.004" /><testcase classname="tests.test_pareto_ijoc_v20.IJOCV20Tests" name="test_ijoc_anytime_grid_must_divide_budget_and_is_complete" time="0.010" /><testcase classname="tests.test_pareto_ijoc_v20.IJOCV20Tests" name="test_ijoc_spec_is_sha_bound_and_alias_consumes_exact_budget" time="0.022" /><testcase classname="tests.test_pareto_ijoc_v20.IJOCV20Tests" name="test_ijoc_spec_rejects_absolute_and_escaping_base_paths" time="0.010" /><testcase classname="tests.test_pareto_ijoc_v20.IJOCV20Tests" name="test_ijoc_study_preflight_requires_exact_matrix" time="0.521" /><testcase classname="tests.test_pareto_ijoc_v20.IJOCV20Tests" name="test_integer_2d_updates_match_default_tolerance_after_every_step" time="0.133" /><testcase classname="tests.test_pareto_ijoc_v20.IJOCV20Tests" name="test_knapsack_initializer_is_exact_uniform_over_feasible_solutions" time="0.003" /><testcase classname="tests.test_pareto_ijoc_v20.IJOCV20Tests" name="test_knapsack_proposal_is_symmetric_on_distinct_feasible_neighbors" time="0.002" /><testcase classname="tests.test_pareto_ijoc_v20.IJOCV20Tests" name="test_reward_is_quality_aligned_and_bounded" time="0.001" /><testcase classname="tests.test_pareto_ijoc_v20.IJOCV20Tests" name="test_tolerant_2d_archive_matches_bruteforce_dominance" time="0.229" /><testcase classname="tests.test_pareto_ijoc_v20.IJOCV20Tests" name="test_uniform_tail_has_no_exp3_claim" time="0.004" /><testcase classname="tests.test_pareto_ijoc_v20.IJOCV20Tests" name="test_zero_tolerance_is_not_interchangeable_for_neighboring_floats" time="0.001" /><testcase classname="tests.test_pareto_ijoc_v20.IJOCV20Tests" name="test_zero_tolerance_single_2d_updates_use_incremental_fast_path" time="0.002" /><testcase classname="tests.test_pareto_ijoc_versioned_refreeze.VersionedReleaseArchiveTests" name="test_release_output_write_refuses_to_replace_existing_bytes" time="0.008" /><testcase classname="tests.test_pareto_ijoc_versioned_refreeze.VersionedReleaseArchiveTests" name="test_version_tag_derives_new_archive_manifest_and_prefix" time="0.003" /><testcase classname="tests.test_pareto_ijoc_versioned_refreeze.VersionedReleaseArchiveTests" name="test_versioned_release_build_emits_bound_outputs_only" time="3.166" /><testcase classname="tests.test_pareto_ijoc_versioned_refreeze.VersionedFreezeRequestTests" name="test_default_request_identity_remains_backward_compatible" time="0.003" /><testcase classname="tests.test_pareto_ijoc_versioned_refreeze.VersionedFreezeRequestTests" name="test_obsolete_archive_exact_tag_does_not_select_restart_v2" time="0.004" /><testcase classname="tests.test_pareto_ijoc_versioned_refreeze.VersionedFreezeRequestTests" name="test_paired_analysis_contract_accepts_restart_v2_baseline" time="0.009" /><testcase classname="tests.test_pareto_ijoc_versioned_refreeze.VersionedFreezeRequestTests" name="test_pls_restart_tag_derives_isolated_successor_identity" time="0.004" /><testcase classname="tests.test_pareto_ijoc_versioned_refreeze.VersionedFreezeRequestTests" name="test_successor_analysis_plan_has_only_predeclared_differences" time="0.002" /><testcase classname="tests.test_pareto_ijoc_versioned_refreeze.VersionedFreezeRequestTests" name="test_successor_changes_only_the_motsp_pls_baseline_arm" time="0.223" /><testcase classname="tests.test_pareto_ijoc_versioned_refreeze.VersionedFreezeRequestTests" name="test_successor_request_binds_identity_and_exact_archive_provenance" time="0.124" /><testcase classname="tests.test_pareto_preconfirm_receipt.ParetoPreconfirmReceiptTests" name="test_confirm_seed_commitment_mismatch_is_rejected" time="0.051" /><testcase classname="tests.test_pareto_preconfirm_receipt.ParetoPreconfirmReceiptTests" name="test_external_signer_separation_is_required_for_authorization" time="0.001" /><testcase classname="tests.test_pareto_preconfirm_receipt.ParetoPreconfirmReceiptTests" name="test_noncanonical_receipt_serialization_is_rejected" time="0.001" /><testcase classname="tests.test_pareto_preconfirm_receipt.ParetoPreconfirmReceiptTests" name="test_pilot_result_payload_mismatch_is_rejected" time="0.001" /><testcase classname="tests.test_pareto_preconfirm_receipt.ParetoPreconfirmReceiptTests" name="test_receipt_does_not_serialize_private_key_material" time="0.001" /><testcase classname="tests.test_pareto_preconfirm_receipt.ParetoPreconfirmReceiptTests" name="test_tampered_payload_fails_detached_signature" time="0.002" /><testcase classname="tests.test_pareto_preconfirm_receipt.ParetoPreconfirmReceiptTests" name="test_unknown_payload_field_is_rejected_fail_closed" time="0.001" /><testcase classname="tests.test_pareto_preconfirm_receipt.ParetoPreconfirmReceiptTests" name="test_valid_receipt_authorizes_exact_expected_bindings" time="0.001" /><testcase classname="tests.test_pareto_preconfirm_receipt.ParetoPreconfirmReceiptTests" name="test_verification_must_precede_confirm_for_authorization" time="0.004" /><testcase classname="tests.test_pareto_preconfirm_receipt.ParetoPreconfirmReceiptTests" name="test_wrong_frozen_public_key_is_rejected" time="0.013" /><testcase classname="tests.test_pareto_smc.AnnealedParetoSMCTests" name="test_archive_capacity_cannot_change_the_smc_state_or_ledger" time="0.024" /><testcase classname="tests.test_pareto_smc.AnnealedParetoSMCTests" name="test_augmented_tchebycheff_rho_must_be_strictly_positive" time="0.003" /><testcase classname="tests.test_pareto_smc.AnnealedParetoSMCTests" name="test_beta_path_and_minimum_mutation_budget_fail_closed_before_sampling" time="0.004" /><testcase classname="tests.test_pareto_smc.AnnealedParetoSMCTests" name="test_context_run_and_stage_hashes_are_stable_and_metadata_is_strict_json" time="0.018" /><testcase classname="tests.test_pareto_smc.AnnealedParetoSMCTests" name="test_counting_wrapper_falls_back_once_when_delta_interface_is_unsupported" time="0.006" /><testcase classname="tests.test_pareto_smc.AnnealedParetoSMCTests" name="test_counting_wrapper_reports_full_fallback_when_base_lacks_delta_interface" time="0.005" /><testcase classname="tests.test_pareto_smc.AnnealedParetoSMCTests" name="test_default_box_and_epsilon_are_archive_independent_analytic_constants" time="0.004" /><testcase classname="tests.test_pareto_smc.AnnealedParetoSMCTests" name="test_explicit_objective_box_is_validated_on_every_query_and_fails_closed" time="0.008" /><testcase classname="tests.test_pareto_smc.AnnealedParetoSMCTests" name="test_formal_objective_path_rejects_one_ulp_box_escape_without_clamping" time="0.004" /><testcase classname="tests.test_pareto_smc.AnnealedParetoSMCTests" name="test_global_refresh_keeps_full_tour_evaluation_contract" time="0.006" /><testcase classname="tests.test_pareto_smc.AnnealedParetoSMCTests" name="test_incremental_and_full_local_evaluation_preserve_seeded_state_exactly" time="0.035" /><testcase classname="tests.test_pareto_smc.AnnealedParetoSMCTests" name="test_incremental_weights_accumulate_when_ess_does_not_trigger_resampling" time="0.006" /><testcase classname="tests.test_pareto_smc.AnnealedParetoSMCTests" name="test_local_incremental_objectives_match_full_multiobjective_tours_randomly" time="0.039" /><testcase classname="tests.test_pareto_smc.AnnealedParetoSMCTests" name="test_local_two_opt_uses_incremental_interface_without_changing_budget" time="0.004" /><testcase classname="tests.test_pareto_smc.AnnealedParetoSMCTests" name="test_maximum_ess_does_not_claim_epsilon_cell_coverage" time="0.003" /><testcase classname="tests.test_pareto_smc.AnnealedParetoSMCTests" name="test_mutation_ledger_audits_full_fallback_log_domain_exact_mh" time="0.006" /><testcase classname="tests.test_pareto_smc.AnnealedParetoSMCTests" name="test_nonsymmetric_local_moves_fail_safe_to_counted_full_evaluation" time="0.004" /><testcase classname="tests.test_pareto_smc.AnnealedParetoSMCTests" name="test_predeclared_target_and_reporting_grid_mutation_fail_closed" time="0.003" /><testcase classname="tests.test_pareto_smc.AnnealedParetoSMCTests" name="test_reporting_cell_observer_retains_one_representative_for_every_queried_cell" time="0.009" /><testcase classname="tests.test_pareto_smc.AnnealedParetoSMCTests" name="test_stage_ledger_recomputes_incremental_weights_ess_and_typed_resampling" time="0.007" /><testcase classname="tests.test_pareto_smc.AnnealedParetoSMCTests" name="test_strict_smc_consumes_run_local_budget_with_frozen_predeclared_context" time="0.019" /><testcase classname="tests.test_pareto_smc.AnnealedParetoSMCTests" name="test_summary_trace_preserves_seeded_algorithm_state" time="0.025" /><testcase classname="tests.test_pareto_smc.AnnealedParetoSMCTests" name="test_target_energy_is_continuous_in_objectives_and_not_tied_within_epsilon_cell" time="0.003" /><testcase classname="tests.test_pareto_smc_competitive_audit.CompetitiveAuditTests" name="test_anytime_archive_cap_and_semantics_fail_closed" time="0.025" /><testcase classname="tests.test_pareto_smc_competitive_audit.CompetitiveAuditTests" name="test_blank_hashes_and_unfrozen_reference_manifest_fail_closed" time="0.027" /><testcase classname="tests.test_pareto_smc_competitive_audit.CompetitiveAuditTests" name="test_complete_matched_matrix_reports_all_strict_statistics" time="0.026" /><testcase classname="tests.test_pareto_smc_competitive_audit.CompetitiveAuditTests" name="test_every_v12_anchor_configuration_row_is_validated" time="0.027" /><testcase classname="tests.test_pareto_smc_competitive_audit.CompetitiveAuditTests" name="test_information_contract_requires_exact_v2_shape_and_types" time="0.172" /><testcase classname="tests.test_pareto_smc_competitive_audit.CompetitiveAuditTests" name="test_metric_reference_manifest_rejects_forged_top_level_contract" time="0.021" /><testcase classname="tests.test_pareto_smc_competitive_audit.CompetitiveAuditTests" name="test_metric_reference_manifest_requires_semantic_validity" time="0.026" /><testcase classname="tests.test_pareto_smc_competitive_audit.CompetitiveAuditTests" name="test_missing_or_unmatched_formal_evidence_stays_not_run" time="0.023" /><testcase classname="tests.test_pareto_smc_competitive_audit.CompetitiveAuditTests" name="test_signed_additive_epsilon_is_valid" time="0.033" /><testcase classname="tests.test_pareto_smc_competitive_audit.CompetitiveAuditTests" name="test_v11_and_v12_anchors_require_their_frozen_certificate_modes" time="0.070" /><testcase classname="tests.test_pareto_smc_competitive_audit.CompetitiveAuditTests" name="test_v12_anchor_requires_version_and_certificate_hash_bindings" time="0.060" /><testcase classname="tests.test_pareto_smc_competitive_audit.CompetitiveAuditTests" name="test_v12_publication_certificate_packet_gate_fails_closed" time="0.110" /><testcase classname="tests.test_pareto_smc_design.StagewiseRefreshDesignTests" name="test_analytic_minimum_meets_every_stage_cap" time="0.004" /><testcase classname="tests.test_pareto_smc_design.StagewiseRefreshDesignTests" name="test_binary64_rounding_never_marks_an_exceeded_cap_pass" time="0.008" /><testcase classname="tests.test_pareto_smc_design.StagewiseRefreshDesignTests" name="test_contraction_cap_boundaries_are_explicit" time="0.003" /><testcase classname="tests.test_pareto_smc_design.StagewiseRefreshDesignTests" name="test_decimal_contraction_boundary_is_fail_closed" time="0.005" /><testcase classname="tests.test_pareto_smc_design.StagewiseRefreshDesignTests" name="test_infeasible_probability_and_zero_step_are_reported" time="0.001" /><testcase classname="tests.test_pareto_smc_design.StagewiseRefreshDesignTests" name="test_refresh_inputs_fail_closed" time="0.009" /><testcase classname="tests.test_pareto_smc_design.FixedScheduleBudgetTests" name="test_budget_inputs_fail_closed" time="0.010" /><testcase classname="tests.test_pareto_smc_design.FixedScheduleBudgetTests" name="test_nondivisible_and_insufficient_budgets_fail_gates" time="0.001" /><testcase classname="tests.test_pareto_smc_design.FixedScheduleBudgetTests" name="test_single_and_dual_stream_exact_budgets" time="0.001" /><testcase classname="tests.test_pareto_smc_design.FrozenComplexityLedgerTests" name="test_complexity_inputs_fail_closed" time="0.011" /><testcase classname="tests.test_pareto_smc_design.FrozenComplexityLedgerTests" name="test_frozen_hash_uses_canonical_unique_reference_cells" time="0.001" /><testcase classname="tests.test_pareto_smc_design.FrozenComplexityLedgerTests" name="test_ledger_counts_unique_cells_observables_and_archive_floor" time="0.001" /><testcase classname="tests.test_pareto_smc_design.FrozenComplexityLedgerTests" name="test_maximum_size_and_archive_gates_fail_closed" time="0.006" /><testcase classname="tests.test_pareto_smc_spec.ParetoSMCSpecificationTests" name="test_analytic_box_uses_the_runtime_outward_rounding_contract" time="0.004" /><testcase classname="tests.test_pareto_smc_spec.ParetoSMCSpecificationTests" name="test_archive_dependent_cell_spec_fails_closed" time="0.005" /><testcase classname="tests.test_pareto_smc_spec.ParetoSMCSpecificationTests" name="test_bundled_spec_is_strict_and_converts_normalized_widths" time="0.003" /><testcase classname="tests.test_pareto_smc_spec.ParetoSMCSpecificationTests" name="test_duplicate_json_fields_fail_closed" time="0.015" /><testcase classname="tests.test_pareto_smc_spec.ParetoSMCSpecificationTests" name="test_exact_incremental_contract_is_explicitly_parsed" time="0.011" /><testcase classname="tests.test_pareto_smc_spec.ParetoSMCSpecificationTests" name="test_mixture_requires_an_explicit_positive_refresh_probability" time="0.008" /><testcase classname="tests.test_pareto_smc_spec.ParetoSMCSpecificationTests" name="test_nested_claim_fields_are_exact_and_enforced" time="0.019" /><testcase classname="tests.test_pareto_smc_spec.ParetoSMCSpecificationTests" name="test_reference_dimension_mismatch_fails_closed" time="0.003" /><testcase classname="tests.test_pareto_smc_strict_analysis.ParetoSMCStrictAnalysisTests" name="test_accepts_complete_matched_nonzero_seed_ids" time="0.005" /><testcase classname="tests.test_pareto_smc_strict_analysis.ParetoSMCStrictAnalysisTests" name="test_rejects_incomplete_case_algorithm_seed_matrix" time="0.006" /><testcase classname="tests.test_pareto_smc_strict_analysis.ParetoSMCStrictAnalysisTests" name="test_rejects_silently_ignored_extra_seed" time="0.005" /><testcase classname="tests.test_pareto_v12_theory.RegenerationCertificateTests" name="test_assignment_pilot_preflight_inputs_fail_closed" time="0.004" /><testcase classname="tests.test_pareto_v12_theory.RegenerationCertificateTests" name="test_assignment_pilot_simplex_preflight" time="0.001" /><testcase classname="tests.test_pareto_v12_theory.RegenerationCertificateTests" name="test_calibration_subset_bounds" time="0.001" /><testcase classname="tests.test_pareto_v12_theory.RegenerationCertificateTests" name="test_closed_form_refresh_requirement" time="0.022" /><testcase classname="tests.test_pareto_v12_theory.RegenerationCertificateTests" name="test_confirm_miss_bound" time="0.001" /><testcase classname="tests.test_pareto_v12_theory.RegenerationCertificateTests" name="test_exact_100k_schedules" time="0.001" /><testcase classname="tests.test_pareto_v12_theory.RegenerationCertificateTests" name="test_exposure" time="0.001" /><testcase classname="tests.test_pareto_v12_theory.RegenerationCertificateTests" name="test_finite_suite_hoeffding_planner" time="0.010" /><testcase classname="tests.test_pareto_v12_theory.RegenerationCertificateTests" name="test_heterogeneous_budget_ledger" time="0.002" /><testcase classname="tests.test_pareto_v12_theory.RegenerationCertificateTests" name="test_hoeffding_widths_are_decimal_outward_upper_bounds" time="0.003" /><testcase classname="tests.test_pareto_v12_theory.RegenerationCertificateTests" name="test_joint_design" time="0.002" /><testcase classname="tests.test_pareto_v12_theory.RegenerationCertificateTests" name="test_joint_gate_rejects_decimal_strict_false_pass" time="0.001" /><testcase classname="tests.test_pareto_v12_theory.RegenerationCertificateTests" name="test_minimum_refresh_does_not_collapse_to_signed_zero" time="0.011" /><testcase classname="tests.test_pareto_v12_theory.RegenerationCertificateTests" name="test_minimum_refresh_is_smallest_satisfying_binary64" time="0.007" /><testcase classname="tests.test_pareto_v12_theory.RegenerationCertificateTests" name="test_minimum_refresh_repairs_tight_binary64_boundary" time="0.008" /><testcase classname="tests.test_pareto_v12_theory.RegenerationCertificateTests" name="test_minimum_refresh_uses_public_certificate_predicate" time="0.012" /><testcase classname="tests.test_pareto_v12_theory.RegenerationCertificateTests" name="test_normalizer_and_residual" time="0.001" /><testcase classname="tests.test_pareto_v12_theory.RegenerationCertificateTests" name="test_normalizer_lower_bound_accounts_for_product_rounding" time="0.001" /><testcase classname="tests.test_pareto_v12_theory.RegenerationCertificateTests" name="test_pilot_lower_bound_is_algebraically_valid" time="0.005" /><testcase classname="tests.test_pareto_v12_theory.RegenerationCertificateTests" name="test_pilot_nonempty_gate" time="0.001" /><testcase classname="tests.test_pareto_v12_theory.RegenerationCertificateTests" name="test_pilot_residual_one_fails_closed" time="0.002" /><testcase classname="tests.test_pareto_v12_theory.RegenerationCertificateTests" name="test_pilot_threshold_and_lower_bound_are_decimal_outward" time="0.002" /><testcase classname="tests.test_pareto_v12_theory.RegenerationCertificateTests" name="test_positive_underflow_misses_are_rounded_up" time="0.002" /><testcase classname="tests.test_pareto_v12_theory.RegenerationCertificateTests" name="test_stable_refresh_boundary" time="0.012" /><testcase classname="tests.test_pareto_v12_theory.RegenerationCertificateTests" name="test_zero_desired_pilot_mass_is_rejected" time="0.001" /><testcase classname="tests.test_pareto_v12_theory.RegenerationCertificateTests" name="test_zero_mass_refresh_requirement_is_infeasible" time="0.001" /><testcase classname="tests.test_pareto_v12_theory.SparseReferenceTests" name="test_design_cli_rejects_mass_outside_probability_range" time="0.212" /><testcase classname="tests.test_pareto_v12_theory.SparseReferenceTests" name="test_design_cli_rejects_vacuous_regeneration_inputs" time="0.609" /><testcase classname="tests.test_pareto_v12_theory.SparseReferenceTests" name="test_design_cli_returns_nonzero_when_no_schedule_is_admissible" time="0.208" /><testcase classname="tests.test_pareto_v12_theory.SparseReferenceTests" name="test_doubling_bound" time="0.000" /><testcase classname="tests.test_pareto_v12_theory.SparseReferenceTests" name="test_greedy_cover" time="0.001" /><testcase classname="tests.test_pareto_v12_theory.SparseReferenceTests" name="test_singleton_cover_is_strict_json_serializable" time="0.000" /><testcase classname="tests.test_pareto_v12_theory.SparseReferenceTests" name="test_sparse_cover_integrity_fails_closed" time="0.000" /><testcase classname="tests.test_pareto_v12_theory.SparseReferenceTests" name="test_sparse_cover_requires_canonical_greedy_assignment" time="0.000" /><testcase classname="tests.test_pareto_v12_theory.SparseReferenceTests" name="test_sperner_exponential_lower_bound" time="0.000" /><testcase classname="tests.test_pareto_v12_theory.SparseReferenceTests" name="test_sperner_type_and_cell_capacity" time="0.000" /><testcase classname="tests.test_pareto_v13_publication.V13PublicationProtocolTests" name="test_signed_freeze_authorizes_confirm_and_sparse_witness_packet" time="0.912" /><testcase classname="tests.test_pareto_v13_sparse_certificate.SparseFiniteReferenceCompressionCertificateTests" name="test_boolean_cover_scalars_fail_closed" time="0.004" /><testcase classname="tests.test_pareto_v13_sparse_certificate.SparseFiniteReferenceCompressionCertificateTests" name="test_certificate_binds_source_cover_and_scopes" time="0.015" /><testcase classname="tests.test_pareto_v13_sparse_certificate.SparseFiniteReferenceCompressionCertificateTests" name="test_exact_radii_and_addition_are_rounded_up" time="0.001" /><testcase classname="tests.test_pareto_v13_sparse_certificate.SparseFiniteReferenceCompressionCertificateTests" name="test_forged_or_source_mismatched_cover_fails_closed" time="0.001" /><testcase classname="tests.test_pareto_v13_sparse_certificate.SparseFiniteReferenceCompressionCertificateTests" name="test_input_domain_fails_closed" time="0.025" /><testcase classname="tests.test_pareto_v13_sparse_certificate.SparseFiniteReferenceCompressionCertificateTests" name="test_metric_helper_uses_arithmetic_reference_mean" time="0.001" /><testcase classname="tests.test_pareto_v13_sparse_certificate.SparseFiniteReferenceCompressionCertificateTests" name="test_nonfinite_reported_bound_is_rejected" time="0.009" /><testcase classname="tests.test_pareto_v13_sparse_certificate.SparseFiniteReferenceCompressionCertificateTests" name="test_p_one_two_and_infinity_are_supported" time="0.004" /><testcase classname="tests.test_pareto_v13_sparse_certificate.SparseFiniteReferenceCompressionCertificateTests" name="test_random_same_anchor_witnesses_obey_all_metric_bounds" time="0.942" /><testcase classname="tests.test_pareto_v13_sparse_certificate.SparseFiniteReferenceCompressionCertificateTests" name="test_source_hash_binds_order_and_exact_float_values" time="0.004" /><testcase classname="tests.test_pareto_v13_sparse_certificate.SparseFiniteReferenceCompressionCertificateTests" name="test_valid_but_noncanonical_tie_assignment_fails_closed" time="0.001" /><testcase classname="tests.test_pareto_v13_spec.V13ProtocolSpecificationTests" name="test_loads_exact_hash_bound_contract" time="0.007" /><testcase classname="tests.test_pareto_v13_spec.V13ProtocolSpecificationTests" name="test_rejects_boolean_and_string_probabilities" time="0.011" /><testcase classname="tests.test_pareto_v13_spec.V13ProtocolSpecificationTests" name="test_rejects_duplicate_json_fields" time="0.008" /><testcase classname="tests.test_pareto_v13_spec.V13ProtocolSpecificationTests" name="test_rejects_unknown_fields_and_noncanonical_grids" time="0.028" /><testcase classname="tests.test_pareto_v15_archive_cap.ArchiveCapCertificateV15Tests" name="test_average_distortion_is_used_for_ordinary_igd" time="0.001" /><testcase classname="tests.test_pareto_v15_archive_cap.ArchiveCapCertificateV15Tests" name="test_directed_coordinate_distortion_is_replayed" time="0.001" /><testcase classname="tests.test_pareto_v15_archive_cap.ArchiveCapCertificateV15Tests" name="test_empty_or_invalid_cap_fails_closed" time="0.001" /><testcase classname="tests.test_pareto_v15_archive_cap.ArchiveCapCertificateV15Tests" name="test_gonzalez_ties_use_smallest_original_index" time="0.001" /><testcase classname="tests.test_pareto_v15_archive_cap.ArchiveCapCertificateV15Tests" name="test_one_plus_half_ulp_cannot_pass_tolerance_one" time="0.007" /><testcase classname="tests.test_pareto_v15_context.V15CertificateContextTests" name="test_all_fields_are_mandatory_and_serialized" time="0.012" /><testcase classname="tests.test_pareto_v15_context.V15CertificateContextTests" name="test_case_id_is_nonempty_ascii_and_path_safe" time="0.039" /><testcase classname="tests.test_pareto_v15_context.V15CertificateContextTests" name="test_determinism_is_independent_of_argument_mapping_order" time="0.002" /><testcase classname="tests.test_pareto_v15_context.V15CertificateContextTests" name="test_digest_matches_independent_canonical_json_computation" time="0.009" /><testcase classname="tests.test_pareto_v15_context.V15CertificateContextTests" name="test_each_field_tamper_changes_digest_and_old_hash_fails" time="0.022" /><testcase classname="tests.test_pareto_v15_context.V15CertificateContextTests" name="test_hash_verifier_rejects_noncanonical_and_wrong_values" time="0.004" /><testcase classname="tests.test_pareto_v15_context.V15CertificateContextTests" name="test_hashes_must_be_lowercase_canonical_sha256" time="0.119" /><testcase classname="tests.test_pareto_v15_dyadic_objective.CanonicalBinary64EncodingTests" name="test_contract_is_explicitly_limited_to_edge_sum_exactness" time="0.001" /><testcase classname="tests.test_pareto_v15_dyadic_objective.CanonicalBinary64EncodingTests" name="test_nextafter_counterexample_remains_distinct_until_decode" time="0.001" /><testcase classname="tests.test_pareto_v15_dyadic_objective.CanonicalBinary64EncodingTests" name="test_rejects_nonfinite_binary64_values" time="0.004" /><testcase classname="tests.test_pareto_v15_dyadic_objective.CanonicalBinary64EncodingTests" name="test_signed_and_subnormal_values_have_exact_canonical_fractions" time="0.001" /><testcase classname="tests.test_pareto_v15_dyadic_objective.ExactTwoOptUpdateTests" name="test_asymmetric_update_equals_full_exact_recompute" time="0.014" /><testcase classname="tests.test_pareto_v15_dyadic_objective.ExactTwoOptUpdateTests" name="test_symmetric_update_equals_full_exact_recompute" time="0.009" /><testcase classname="tests.test_pareto_v15_dyadic_objective.ExactTwoOptUpdateTests" name="test_update_argument_checks_are_constant_time_in_tour_length" time="0.003" /><testcase classname="tests.test_pareto_v15_dyadic_objective.ExactTwoOptUpdateTests" name="test_update_uses_cached_symmetry_without_rescanning_matrices" time="0.003" /><testcase classname="tests.test_pareto_v15_frozen_cells.FrozenCellManifestV15Tests" name="test_exact_manifest_binds_complete_partition_and_observables" time="0.007" /><testcase classname="tests.test_pareto_v15_frozen_cells.FrozenCellManifestV15Tests" name="test_numeric_json_box_and_legacy_metric_semantics_are_rejected" time="0.005" /><testcase classname="tests.test_pareto_v15_frozen_cells.FrozenCellManifestV15Tests" name="test_omitted_partition_cell_and_hash_mismatch_fail_closed" time="0.007" /><testcase classname="tests.test_pareto_v15_frozen_cells.FrozenCellManifestV15Tests" name="test_one_unit_exact_box_escape_fails_without_clipping" time="0.005" /><testcase classname="tests.test_pareto_v15_frozen_cells.FrozenCellManifestV15Tests" name="test_programmatic_builder_and_classifier_reject_binary_float_inputs" time="0.004" /><testcase classname="tests.test_pareto_v15_independent_replica_runner.IndependentReplicaRunnerV15Tests" name="test_batch_is_named_as_independent_mh_and_charges_exact_budget" time="0.007" /><testcase classname="tests.test_pareto_v15_independent_replica_runner.IndependentReplicaRunnerV15Tests" name="test_context_configuration_and_stream_plan_tampering_fail_closed" time="0.007" /><testcase classname="tests.test_pareto_v15_independent_replica_runner.IndependentReplicaRunnerV15Tests" name="test_exact_endpoint_outside_frozen_box_fails_without_clamping" time="0.005" /><testcase classname="tests.test_pareto_v15_independent_replica_runner.IndependentReplicaRunnerV15Tests" name="test_manifest_observable_family_is_used_and_hash_tampering_fails" time="0.007" /><testcase classname="tests.test_pareto_v15_independent_replica_runner.IndependentReplicaRunnerV15Tests" name="test_pilot_and_confirm_domains_have_different_replay_seeds" time="0.008" /><testcase classname="tests.test_pareto_v15_kernel_perturbation.KernelPerturbationV15Tests" name="test_conditional_bounds_use_exact_rational_arithmetic" time="0.001" /><testcase classname="tests.test_pareto_v15_kernel_perturbation.KernelPerturbationV15Tests" name="test_interval_decision_refines_or_fails_at_boundary" time="0.001" /><testcase classname="tests.test_pareto_v15_probability_certificate.ExactProbabilityContractTests" name="test_canonical_probability_text_rejects_float_and_aliases" time="0.006" /><testcase classname="tests.test_pareto_v15_probability_certificate.ExactProbabilityContractTests" name="test_cp_bracket_has_directed_tail_invariants" time="0.007" /><testcase classname="tests.test_pareto_v15_probability_certificate.ExactProbabilityContractTests" name="test_cp_n_equals_x_equals_one_is_never_rounded_up" time="0.003" /><testcase classname="tests.test_pareto_v15_probability_certificate.ExactProbabilityContractTests" name="test_exact_binomial_survival_and_boundaries" time="0.001" /><testcase classname="tests.test_pareto_v15_probability_certificate.ExactProbabilityContractTests" name="test_exact_mutually_exclusive_cell_occupancy" time="0.001" /><testcase classname="tests.test_pareto_v15_probability_certificate.ExactProbabilityContractTests" name="test_false_pass_label_is_joint_not_conditional" time="0.001" /><testcase classname="tests.test_pareto_v15_probability_certificate.ExactProbabilityContractTests" name="test_large_cell_family_uses_labelled_bonferroni_bound" time="0.004" /><testcase classname="tests.test_pareto_v15_probability_certificate.ExactProbabilityContractTests" name="test_minimum_pilot_trials_and_simultaneous_power" time="0.002" /><testcase classname="tests.test_pareto_v15_probability_certificate.ExactProbabilityContractTests" name="test_occupancy_inputs_fail_closed" time="0.005" /><testcase classname="tests.test_pareto_v15_probability_certificate.ExactProbabilityContractTests" name="test_pilot_power_requires_positive_target_and_frozen_power_gate" time="0.001" /><testcase classname="tests.test_pareto_v15_probability_certificate.ExactProbabilityContractTests" name="test_pilot_threshold_and_power_are_exact_and_monotone" time="0.001" /><testcase classname="tests.test_pareto_v15_probability_certificate.ExactProbabilityContractTests" name="test_replica_planner_exact_minimum_and_q_boundaries" time="0.001" /><testcase classname="tests.test_pareto_v15_probability_certificate.ExactProbabilityContractTests" name="test_tiny_q_terminates_with_labelled_conservative_upper" time="0.001" /><testcase classname="tests.test_pareto_v15_publication_gate.PublicationGateV15Tests" name="test_caller_booleans_cannot_open_external_or_formal_gates" time="0.002" /><testcase classname="tests.test_pareto_v15_publication_gate.PublicationGateV15Tests" name="test_component_repairs_do_not_turn_hold_into_p0_or_publication_pass" time="0.003" /><testcase classname="tests.test_pareto_v15_publication_gate.PublicationGateV15Tests" name="test_empty_or_semantically_relabelled_replica_result_reopens_p0" time="0.001" /><testcase classname="tests.test_pareto_v15_publication_gate.PublicationGateV15Tests" name="test_legacy_metric_or_smc_transfer_reopens_p0" time="0.002" /><testcase classname="tests.test_pareto_v15_publication_gate.PublicationGateV15Tests" name="test_true_front_wording_requires_reference_fidelity_certificate" time="0.001" /><testcase classname="tests.test_pareto_v15_reference_fidelity.ReferenceFidelityV15Tests" name="test_declared_reference_fidelity_composes_with_algorithm_error" time="0.003" /><testcase classname="tests.test_pareto_v15_reference_fidelity.ReferenceFidelityV15Tests" name="test_incomplete_reference_cannot_claim_zero_true_front_error" time="0.001" /><testcase classname="tests.test_pareto_v15_reference_fidelity.ReferenceFidelityV15Tests" name="test_true_front_claim_requires_bound_completeness_evidence" time="0.001" /><testcase classname="tests.test_pareto_v16_adaptive_runner.ParetoV16AdaptiveRunnerTests" name="test_mechanical_successive_elimination_resolves_two_cells" time="0.705" /><testcase classname="tests.test_pareto_v16_adversarial.ParetoV16AdversarialTests" name="test_exact_confirm_greedy_matches_bruteforce_on_117_small_cases" time="1.972" /><testcase classname="tests.test_pareto_v16_adversarial.ParetoV16AdversarialTests" name="test_false_bilipschitz_family_is_rejected" time="0.002" /><testcase classname="tests.test_pareto_v16_adversarial.ParetoV16AdversarialTests" name="test_rational_transport_bound_is_below_exact_midpoint_ratio" time="0.002" /><testcase classname="tests.test_pareto_v16_adversarial.ParetoV16AdversarialTests" name="test_shared_assignment_and_counts_match_global_bruteforce" time="0.071" /><testcase classname="tests.test_pareto_v16_shared_categorical_runner.SharedCategoricalPilotTests" name="test_one_endpoint_updates_all_cell_indicators" time="0.004" /><testcase classname="tests.test_pareto_v16_shared_categorical_runner.SharedCategoricalPilotTests" name="test_undeclared_cell_fails_closed" time="0.001" /><testcase classname="tests.test_pareto_v16_theory.ParetoV16TheoryTests" name="test_composed_raw_packet_opens_p0" time="0.020" /><testcase classname="tests.test_pareto_v16_theory.ParetoV16TheoryTests" name="test_noncanonical_packet_fails" time="0.007" /><testcase classname="tests.test_pareto_v16_theory.ParetoV16TheoryTests" name="test_raw_theory_packet_and_gate" time="0.105" /><testcase classname="tests.test_pareto_v16_theory.ParetoV16TheoryTests" name="test_shared_upper_lower_and_joint_confirm_allocation" time="0.060" /><testcase classname="tests.test_pareto_v16_theory.ParetoV16TheoryTests" name="test_theory_packet_binding_tamper_fails" time="0.032" /><testcase classname="tests.test_pareto_v21_calibration" name="test_v21_problem_packet_loader_supports_both_families" time="0.008" /><testcase classname="tests.test_pareto_v21_calibration" name="test_normalized_hypervolume_uses_frozen_analytic_box" time="0.001" /><testcase classname="tests.test_pareto_v21_calibration" name="test_v21_calibration_matrix_is_exact_complete_and_exclusive" time="0.290" /><testcase classname="tests.test_pareto_v21_calibration" name="test_v21_selection_gate_uses_case_clusters_and_both_families" time="0.019" /><testcase classname="tests.test_pareto_v21_calibration" name="test_v21_selection_gate_stops_when_no_candidate_improves_both_families" time="0.019" /><testcase classname="tests.test_pareto_v21_calibration" name="test_v21_selection_rejects_unbound_or_incomplete_matrix" time="0.013" /><testcase classname="tests.test_pareto_v21_code_release" name="test_release_zip_is_deterministic_and_manifest_binds_every_entry" time="0.039" /><testcase classname="tests.test_pareto_v21_code_release" name="test_explicit_allowlist_includes_v3_inputs_and_excludes_large_evidence" time="0.074" /><testcase classname="tests.test_pareto_v21_code_release" name="test_release_boundary_is_fail_closed_and_outputs_are_immutable" time="0.026" /><testcase classname="tests.test_pareto_v21_code_release" name="test_release_readme_states_code_only_and_formal_gate_boundary" time="0.001" /><testcase classname="tests.test_pareto_v21_confirmation" name="test_confirmation_gate_passes_only_complete_bound_confirmation_matrix" time="0.078" /><testcase classname="tests.test_pareto_v21_confirmation" name="test_confirmation_gate_fails_on_one_family_primary_effect" time="0.102" /><testcase classname="tests.test_pareto_v21_confirmation" name="test_confirmation_gate_holds_before_statistics_on_trace_hash_failure" time="0.097" /><testcase classname="tests.test_pareto_v21_confirmation" name="test_confirmation_gate_reuses_primary_when_predecessor_is_control" time="0.075" /><testcase classname="tests.test_pareto_v21_confirmation" name="test_confirmation_gate_cli_writes_authoritative_receipt" time="0.271" /><testcase classname="tests.test_pareto_v21_confirmation" name="test_confirmation_gate_holds_on_partition_manifest_drift" time="0.068" /><testcase classname="tests.test_pareto_v21_confirmation" name="test_confirmation_gate_holds_on_incomplete_run_key_matrix" time="0.067" /><testcase classname="tests.test_pareto_v21_confirmation" name="test_confirmation_gate_holds_on_row_run_context_detachment" time="0.109" /><testcase classname="tests.test_pareto_v21_confirmation" name="test_confirmation_gate_accepts_v21e2_candidate_menu_precommit" time="0.104" /><testcase classname="tests.test_pareto_v21_diagnostics" name="test_analyze_v21_trace_reports_fixed_prefixes_and_operator_evidence" time="0.071" /><testcase classname="tests.test_pareto_v21_diagnostics" name="test_diagnostics_receipt_writer_is_canonical_and_idempotent" time="0.068" /><testcase classname="tests.test_pareto_v21_diagnostics" name="test_paired_comparator_aggregates_seeds_before_cluster_inference" time="0.010" /><testcase classname="tests.test_pareto_v21_diagnostics" name="test_diagnostics_separate_observed_zero_from_missing_mechanism_evidence" time="0.081" /><testcase classname="tests.test_pareto_v21_diagnostics" name="test_paired_comparator_fails_closed_on_unmatched_case" time="0.001" /><testcase classname="tests.test_pareto_v21_diagnostics" name="test_paired_comparator_fails_closed_on_unmatched_seed_identity" time="0.001" /><testcase classname="tests.test_pareto_v21_hybrid" name="test_v21_trace_is_a_complete_exact_budget_ledger" time="0.013" /><testcase classname="tests.test_pareto_v21_hybrid" name="test_v21_c0_mokp_uses_full_native_operator_portfolio_and_repair" time="0.011" /><testcase classname="tests.test_pareto_v21_hybrid" name="test_v21_c1_adds_typed_profit_density_initialization_only" time="0.021" /><testcase classname="tests.test_pareto_v21_hybrid" name="test_v21_c0_motsp_cycles_problem_native_local_search_portfolio" time="0.009" /><testcase classname="tests.test_pareto_v21_hybrid" name="test_v21_c1_adds_weighted_nearest_neighbor_motsp_initialization" time="0.010" /><testcase classname="tests.test_pareto_v21_hybrid" name="test_v21_sqlite_trace_is_streamed_and_decisions_are_one_to_one" time="0.080" /><testcase classname="tests.test_pareto_v21_hybrid" name="test_v21_c2_adds_periodic_typed_archive_diversification" time="0.036" /><testcase classname="tests.test_pareto_v21_hybrid" name="test_v21_c3_adds_neighbor_path_relinking_with_two_parents" time="0.064"
[...]
21e3r1_recovery_bound_same_implementation_branch_replay_coverage" name="test_output_initialization_race_loser_performs_zero_writes" time="0.053" /><testcase classname="tests.test_v21e3r1_recovery_bound_same_implementation_branch_replay_coverage" name="test_diagnostic_boundary_requires_and_revalidates_exact_504_rows" time="0.864" /><testcase classname="tests.test_v21e3r1_recovery_bound_same_implementation_branch_replay_coverage" name="test_n500_preflight_success_is_operational_only_and_sealed" time="0.319" /><testcase classname="tests.test_v21e3r1_recovery_bound_same_implementation_branch_replay_coverage" name="test_n500_preflight_executor_failure_is_durable_and_never_success" time="0.082" /><testcase classname="tests.test_v21e3r1_recovery_bound_same_implementation_branch_replay_coverage" name="test_n500_preflight_post_executor_rejection_is_durable" time="0.071" /><testcase classname="tests.test_v21e3r1_recovery_bound_same_implementation_branch_replay_coverage" name="test_production_preflight_executor_delegates_exact_one_n500_row" time="0.073" /><testcase classname="tests.test_v21e3r1_recovery_bound_same_implementation_branch_replay_coverage" name="test_continuation_validator_rejects_helper_drift_before_evidence_io" time="0.009" /><testcase classname="tests.test_v21e3r1_recovery_bound_same_implementation_branch_replay_coverage" name="test_continuation_validator_binds_exact_fresh17_witness_chain" time="6.242" /><testcase classname="tests.test_v21e3r1_recovery_bound_same_implementation_branch_replay_coverage" name="test_continuation_validator_rejects_one_fresh_timeout_witness_drift" time="5.023" /><testcase classname="tests.test_v21e3r1_recovery_bound_same_implementation_branch_replay_coverage" name="test_recovered_exact504_provenance_cross_binds_all_chain_segments" time="7.703" /><testcase classname="tests.test_v21e3r1_recovery_bound_same_implementation_branch_replay_coverage" name="test_full_coverage_requires_sealed_preflight_and_seals_outer_receipt" time="0.222" /><testcase classname="tests.test_v21e3r1_recovery_bound_same_implementation_branch_replay_coverage" name="test_full_coverage_bad_preflight_fails_before_output_creation" time="0.043" /><testcase classname="tests.test_v21e3r1_recovery_bound_same_implementation_branch_replay_coverage" name="test_full_coverage_failure_is_durable_and_resume_preserves_it" time="0.263" /><testcase classname="tests.test_v21e3r1_recovery_bound_same_implementation_branch_replay_coverage" name="test_execution_claim_race_loser_writes_zero_bytes" time="0.009" /><testcase classname="tests.test_v21e3r1_recovery_bound_same_implementation_branch_replay_coverage" name="test_cli_exposes_explicit_frozen_identity_and_preflight_contract" time="0.016" /><testcase classname="tests.test_v21e3r1_reference_comparator_registry" name="test_real_registry_passes_strict_offline_verification" time="0.059" /><testcase classname="tests.test_v21e3r1_reference_comparator_registry" name="test_registry_uses_honest_reference_classifications_and_budget_boundaries" time="0.001" /><testcase classname="tests.test_v21e3r1_reference_comparator_registry" name="test_resigned_formal_authorization_attempt_fails_closed" time="0.013" /><testcase classname="tests.test_v21e3r1_reference_comparator_registry" name="test_resigned_strong_external_claim_attempt_fails_closed" time="0.012" /><testcase classname="tests.test_v21e3r1_reference_comparator_registry" name="test_resigned_path_traversal_is_rejected" time="0.015" /><testcase classname="tests.test_v21e3r1_reference_comparator_registry" name="test_resigned_artifact_digest_drift_is_rejected" time="0.018" /><testcase classname="tests.test_v21e3r1_reference_comparator_registry" name="test_bool_fields_reject_integer_substitutes_even_when_resigned" time="0.058" /><testcase classname="tests.test_v21e3r1_reference_comparator_registry" name="test_resigned_network_authorization_is_rejected" time="0.059" /><testcase classname="tests.test_v21e3r1_reference_comparator_registry" name="test_resigned_command_or_budget_drift_is_rejected_by_comparator_seal" time="0.057" /><testcase classname="tests.test_v21e3r1_reference_comparator_registry" name="test_payload_digest_mismatch_is_rejected" time="0.010" /><testcase classname="tests.test_v21e3r1_reference_comparator_registry" name="test_duplicate_json_keys_are_rejected" time="0.012" /><testcase classname="tests.test_v21e3r1_reference_comparator_registry" name="test_verifier_has_no_network_or_process_execution_imports" time="0.019" /><testcase classname="tests.test_v21e3r1_same_implementation_branch_replay_coverage" name="test_one_row_smoke_replays_end_to_end_without_authorizing_later_phases" time="5.242" /><testcase classname="tests.test_v21e3r1_same_implementation_branch_replay_coverage" name="test_resume_rejects_a_tampered_exclusive_final_receipt" time="4.970" /><testcase classname="tests.test_v21e3r1_same_implementation_branch_replay_coverage" name="test_timeout_terminates_the_entire_worker_process_tree" time="4.290" /><testcase classname="tests.test_v21e3r1_same_implementation_branch_replay_coverage" name="test_a_terminal_diagnostic_receipt_cannot_coexist_with_missing_row_markers" time="1.080" /><testcase classname="tests.test_v21e3r1_same_implementation_branch_replay_coverage" name="test_inflight_partial_diagnostic_returns_resumable_hold_without_final_receipt" time="0.895" /><testcase classname="tests.test_v21e3r1_same_implementation_branch_replay_coverage" name="test_diagnostic_artifact_hashes_are_rechecked_before_replay" time="0.902" /><testcase classname="tests.test_v21e3r1_same_implementation_branch_replay_coverage" name="test_failed_attempt_is_append_only_and_resume_uses_the_next_attempt" time="4.224" /><testcase classname="tests.test_v21e3r1_same_implementation_branch_replay_coverage" name="test_unconfirmed_tree_termination_is_never_labeled_terminated" time="1.103" /><testcase classname="tests.test_v21e3r1_same_implementation_branch_replay_coverage" name="test_jobs_two_is_verification_only_and_final_rows_follow_plan_order" time="6.309" /><testcase classname="tests.test_v21e3r1_same_implementation_branch_replay_coverage" name="test_nsga2_and_moead_completed_rows_replay_through_existing_dispatch" time="8.110" /><testcase classname="tests.test_v21e3r1_same_implementation_branch_replay_coverage" name="test_declared_full_plan_must_be_the_exact_frozen_504_row_design" time="0.012" /><testcase classname="tests.test_v21e3r1_same_implementation_branch_replay_coverage" name="test_smoke_plan_requires_explicit_engineering_opt_in" time="0.010" /><testcase classname="tests.test_v21e3r1_same_implementation_branch_replay_coverage" name="test_completed_coverage_is_exclusive_and_resume_is_validation_only" time="6.379" /><testcase classname="tests.test_v21e3r1_same_implementation_branch_replay_coverage" name="test_resume_rechecks_sealed_branch_replay_artifact_hashes" time="5.441" /><testcase classname="tests.test_v21e3r1_same_implementation_branch_replay_coverage" name="test_exact_full_plan_has_504_unique_keys_but_cannot_pass_without_all_markers" time="1.107" /><testcase classname="tests.test_v21e3r1_successor_development_factorial" name="test_packaged_inference_spec_is_canonical_and_prospectively_exact" time="0.009" /><testcase classname="tests.test_v21e3r1_successor_development_factorial" name="test_plan_derives_exact_72_plus_36_rows_from_frozen_v7" time="0.639" /><testcase classname="tests.test_v21e3r1_successor_development_factorial" name="test_tampered_parent_plan_hash_fails_before_design_derivation" time="0.015" /><testcase classname="tests.test_v21e3r1_successor_development_factorial" name="test_parent_exact504_receipt_requires_exact_source_and_key_set" time="0.001" /><testcase classname="tests.test_v21e3r1_successor_development_factorial" name="test_parent_completed_seal_rejects_cross_row_attempt_substitution" time="0.001" /><testcase classname="tests.test_v21e3r1_successor_development_factorial" name="test_successor_completed_seal_rejects_cross_row_attempt_substitution" time="0.001" /><testcase classname="tests.test_v21e3r1_successor_development_factorial" name="test_finalized_receipt_requires_exact_payload_authority_and_lineage" time="0.005" /><testcase classname="tests.test_v21e3r1_successor_development_factorial" name="test_source_freeze_rejects_wrong_parent_development_source" time="0.134" /><testcase classname="tests.test_v21e3r1_successor_development_factorial" name="test_source_freeze_binding_v2_carries_full_successor_lineage" time="0.243" /><testcase classname="tests.test_v21e3r1_successor_development_factorial" name="test_source_freeze_accepts_canonical_materialized_archive_contract" time="0.240" /><testcase classname="tests.test_v21e3r1_successor_development_factorial" name="test_source_freeze_rejects_resealed_unrelated_semantic_parameters" time="0.173" /><testcase classname="tests.test_v21e3r1_successor_development_factorial" name="test_source_freeze_consumer_rejects_unmanifested_executable_source_addition" time="0.214" /><testcase classname="tests.test_v21e3r1_successor_development_factorial" name="test_source_freeze_revalidation_rejects_exact_type_and_archive_drift[float_entry_count]" time="0.144" /><testcase classname="tests.test_v21e3r1_successor_development_factorial" name="test_source_freeze_revalidation_rejects_exact_type_and_archive_drift[unmaterialized_archive_binding]" time="0.151" /><testcase classname="tests.test_v21e3r1_successor_development_factorial" name="test_plan_contract_rejects_cardinality_phase_policy_and_case_drift[row-count]" time="0.001" /><testcase classname="tests.test_v21e3r1_successor_development_factorial" name="test_plan_contract_rejects_cardinality_phase_policy_and_case_drift[phase]" time="0.001" /><testcase classname="tests.test_v21e3r1_successor_development_factorial" name="test_plan_contract_rejects_cardinality_phase_policy_and_case_drift[search-policy]" time="0.003" /><testcase classname="tests.test_v21e3r1_successor_development_factorial" name="test_plan_contract_rejects_cardinality_phase_policy_and_case_drift[family-policy]" time="0.003" /><testcase classname="tests.test_v21e3r1_successor_development_factorial" name="test_plan_contract_rejects_cardinality_phase_policy_and_case_drift[case-boundary]" time="0.003" /><testcase classname="tests.test_v21e3r1_successor_development_factorial" name="test_row_contract_is_exact_for_scope_authority_config_and_budget[scope]" time="0.005" /><testcase classname="tests.test_v21e3r1_successor_development_factorial" name="test_row_contract_is_exact_for_scope_authority_config_and_budget[authority]" time="0.001" /><testcase classname="tests.test_v21e3r1_successor_development_factorial" name="test_row_contract_is_exact_for_scope_authority_config_and_budget[config]" time="0.001" /><testcase classname="tests.test_v21e3r1_successor_development_factorial" name="test_row_contract_is_exact_for_scope_authority_config_and_budget[budget]" time="0.002" /><testcase classname="tests.test_v21e3r1_successor_development_factorial" name="test_row_config_binding_survives_canonical_json_roundtrip" time="0.001" /><testcase classname="tests.test_v21e3r1_successor_development_factorial" name="test_row_checkpoint_witness_contract_matches_production_shape[scalar]" time="0.002" /><testcase classname="tests.test_v21e3r1_successor_development_factorial" name="test_row_checkpoint_witness_contract_matches_production_shape[grid]" time="0.001" /><testcase classname="tests.test_v21e3r1_successor_development_factorial" name="test_row_checkpoint_witness_contract_matches_production_shape[hv-range]" time="0.002" /><testcase classname="tests.test_v21e3r1_successor_development_factorial" name="test_row_checkpoint_witness_contract_matches_production_shape[archive-size]" time="0.001" /><testcase classname="tests.test_v21e3r1_successor_development_factorial" name="test_row_checkpoint_witness_contract_matches_production_shape[auc]" time="0.002" /><testcase classname="tests.test_v21e3r1_successor_development_factorial" name="test_row_checkpoint_witness_contract_matches_production_shape[terminal]" time="0.002" /><testcase classname="tests.test_v21e3r1_successor_development_factorial" name="test_inference_threshold_drift_fails_closed" time="0.019" /><testcase classname="tests.test_v21e3r1_successor_development_factorial" name="test_evaluate_rows_revalidates_the_frozen_inference_payload" time="0.013" /><testcase classname="tests.test_v21e3r1_successor_development_factorial" name="test_attempt_directories_fail_closed_while_prior_attempt_is_unterminated" time="0.014" /><testcase classname="tests.test_v21e3r1_successor_development_factorial" name="test_forged_failure_receipt_cannot_unlock_a_concurrent_retry" time="0.012" /><testcase classname="tests.test_v21e3r1_successor_development_factorial" name="test_runner_rejects_output_directory_outside_project_before_reading_inputs" time="0.011" /><testcase classname="tests.test_v21e3r1_successor_development_factorial" name="test_plan_only_resume_cannot_bypass_finalized_receipt_verification" time="0.020" /><testcase classname="tests.test_v21e3r1_successor_development_factorial" name="test_resume_recovers_exact_aggregate_only_finalization_crash" time="0.241" /><testcase classname="tests.test_v21e3r1_successor_development_factorial" name="test_resume_rejects_drifted_aggregate_only_finalization_crash" time="0.202" /><testcase classname="tests.test_v21e3r1_successor_development_factorial" name="test_finalized_resume_rejects_receipt_without_aggregate" time="0.032" /><testcase classname="tests.test_v21e3r1_successor_development_factorial" name="test_worker_spec_rejects_injected_execution_inputs_before_plan_access" time="0.009" /><testcase classname="tests.test_v21e3r1_successor_development_factorial" name="test_worker_rederives_row_bounds_and_directions_from_the_frozen_plan" time="0.757" /><testcase classname="tests.test_v21e3r1_successor_development_factorial" name="test_joint_five_hypothesis_evaluator_can_pass_only_development_promotion" time="0.421" /><testcase classname="tests.test_v21e3r1_successor_development_factorial" name="test_evaluation_receipt_v2_binds_cross_stage_identity_for_common_gate" time="0.423" /><testcase classname="tests.test_v21e3r1_successor_development_factorial" name="test_evaluation_receipt_rejects_resealed_statistical_and_protocol_tampering" time="0.431" /><testcase classname="tests.test_v21e3r1_successor_development_factorial" name="test_canonical_statistical_hold_receipts_remain_valid_common_evidence" time="0.446" /><testcase classname="tests.test_v21e3r1_successor_development_factorial" name="test_matrix_evaluator_rechecks_exact504_before_reading_successor_rows" time="0.015" /><testcase classname="tests.test_v21e3r1_successor_development_factorial" name="test_matrix_evaluator_rechecks_live_source_freeze_before_rows" time="0.013" /><testcase classname="tests.test_v21e3r1_successor_development_factorial" name="test_integrity_failure_materializes_an_exclusive_hold_receipt" time="0.007" /><testcase classname="tests.test_v21e3r1_successor_development_factorial" name="test_integrity_hold_materialization_failure_still_exits_three" time="0.004" /><testcase classname="tests.test_v21e3r1_successor_development_factorial" name="test_statistical_golden_locks_seed_aggregation_factorial_and_joint_max_t" time="0.426" /><testcase classname="tests.test_v21e3r1_successor_development_factorial" name="test_evaluator_rejects_missing_row_coverage" time="0.014" /><testcase classname="tests.test_v21e3r1_successor_development_factorial" name="test_replayed_metrics_override_untrusted_row_claims[cache_hit_rate_per_attempt-0.9-cache metric disagrees]" time="0.001" /><testcase classname="tests.test_v21e3r1_successor_development_factorial" name="test_replayed_metrics_override_untrusted_row_claims[exact_per_evaluation_left_continuous_hv_auc-0.7-EAUC disagrees]" time="0.002" /><testcase classname="tests.test_v21e3r1_successor_development_factorial" name="test_row_evidence_is_freshly_trace_verified_and_metric_replayed" time="0.024" /><testcase classname="tests.test_v21e3r1_successor_development_factorial" name="test_zero_case_standard_error_is_a_hold_not_a_pass" time="0.011" /><testcase classname="tests.test_v21e3r1_successor_development_factorial" name="test_one_zero_standard_error_cell_holds_all_five_bounds_explicitly" time="0.011" /><testcase classname="tests.test_v21e3r1_successor_development_factorial" name="test_runner_preflight_is_fail_closed_until_both_policy_fields_exist" time="0.001" /><testcase classname="tests.test_v21e3r1_successor_metric" name="test_prefix_hypervolume_matches_frozen_reference_ieee754_bits" time="0.008" /><testcase classname="tests.test_v21e3r1_successor_metric" name="test_fixed_seed_random_prefixes_match_frozen_reference_ieee754_bits" time="0.186" /><testcase classname="tests.test_v21e3r1_successor_metric" name="test_nondominated_chain_exposes_quadratic_operation_bound" time="0.018" /><testcase classname="tests.test_v21e3r1_successor_metric" name="test_cli_fails_closed_under_nonhistorical_interpreter" time="0.195" /><testcase classname="tests.test_v21e3r1_successor_metric" name="test_real_n500_trace_matches_sealed_golden_and_exposes_distinct_identity" time="1.145" /><testcase classname="tests.test_v21e3r1_successor_metric" name="test_factorial_runner_replays_metric_with_pinned_successor_identity" time="0.337" /><testcase classname="tests.test_v21e3r1_successor_metric" name="test_factorial_runner_rejects_frozen_v2_metric_drift_before_replay" time="0.016" /><testcase classname="tests.test_v21e3r1_successor_source_freeze" name="test_freeze_writes_exact_hash_bound_authority_false_artifacts" time="0.189" /><testcase classname="tests.test_v21e3r1_successor_source_freeze" name="test_source_archive_is_byte_deterministic_and_restores_only_manifest_sources" time="0.289" /><testcase classname="tests.test_v21e3r1_successor_source_freeze" name="test_noncanonical_config_and_simultaneous_identity_drift_fail_closed" time="0.728" /><testcase classname="tests.test_v21e3r1_successor_source_freeze" name="test_resealed_unrelated_semantic_parameters_fail_closed" time="0.175" /><testcase classname="tests.test_v21e3r1_successor_source_freeze" name="test_parent_snapshot_and_simultaneous_evaluator_bindings_fail_closed" time="0.392" /><testcase classname="tests.test_v21e3r1_successor_source_freeze" name="test_unpaired_surrogate_and_walk_error_return_fail_closed_hold" time="0.211" /><testcase classname="tests.test_v21e3r1_successor_source_freeze" name="test_paths_are_contained_and_existing_output_is_never_replaced" time="0.330" /><testcase classname="tests.test_v21e3r1_successor_source_freeze" name="test_second_pass_reenumeration_detects_new_source_before_pass_receipt" time="0.116" /><testcase classname="tests.test_v21e3r1_successor_source_freeze" name="test_development_plan_snapshot_is_exact_restorable_and_deterministic" time="0.726" /><testcase classname="tests.test_v21e3r1_successor_source_freeze" name="test_development_snapshot_rejects_source_drift_and_live_output_write" time="0.525" /><testcase classname="tests.test_v21e3r1_v6_claim_narrowing" name="test_cache_statement_matches_retry_without_optimizer_decision" time="0.005" /><testcase classname="tests.test_v21e3r1_v6_claim_narrowing" name="test_charged_count_is_durable_not_transient_physical_execution" time="0.002" /><testcase classname="tests.test_v21e3r1_v6_claim_narrowing" name="test_development_statistics_are_explicitly_descriptive" time="0.004" /><testcase classname="tests.test_v21e3r1_v6_claim_narrowing" name="test_six_case_trimmed_mean_is_not_presented_as_robustness" time="0.002" /><testcase classname="tests.test_v21e3r1_v6_claim_narrowing" name="test_native_portfolio_and_no_clipping_claims_are_scoped" time="0.002" /><testcase classname="tests.test_v21e3r1_v6_claim_narrowing" name="test_v6_preserves_historical_matrix_identity_and_hold" time="0.002" /><testcase classname="tests.test_v21e3r1_v6_claim_narrowing" name="test_exact_objective_type_repair_is_not_back_projected_to_v4" time="0.003" /></testsuite></testsuites>