<?xml version="1.0" encoding="utf-8"?><testsuites name="pytest tests"><testsuite name="pytest" errors="0" failures="0" skipped="0" tests="9" time="2.817" timestamp="2026-08-25T10:58:25.543724-04:00" hostname="LAPTOP-QT7GRCMS"><testcase classname="tests.test_external_pymoo_baseline.ExternalPymooBaselineTests" name="test_exact_budget_for_nsga2_and_moead_across_seeds" time="0.519" /><testcase classname="tests.test_external_pymoo_baseline.ExternalPymooBaselineTests" name="test_final_archive_includes_survival_rejected_offspring" time="0.064" /><testcase classname="tests.test_external_pymoo_baseline.ExternalPymooBaselineTests" name="test_moead_population_one_fails_before_evaluation" time="0.002" /><testcase classname="tests.test_external_pymoo_baseline.ExternalPymooBaselineTests" name="test_nondivisible_budget_fails_instead_of_rounding" time="0.002" /><testcase classname="tests.test_ijoc_algorithm_adapters.IJOCAlgorithmAdapterTests" name="test_motsp_pymoo_adapters_and_independent_replay" time="1.923" /></testsuite></testsuites>