<?xml version="1.0" encoding="utf-8"?><testsuites name="pytest tests"><testsuite name="pytest" errors="0" failures="0" skipped="0" tests="271" time="102.398" timestamp="2026-08-25T10:58:29.428507-04:00" hostname="LAPTOP-QT7GRCMS"><testcase classname="tests.test_pareto_v21e3r1_v9_information_search" name="test_information_time_discards_only_repeated_attempts" time="0.000" /><testcase classname="tests.test_pareto_v21e3r1_v9_information_search" name="test_operator_productivity_factorization" time="0.000" /><testcase classname="tests.test_pareto_v21e3r1_v9_information_search" name="test_archive_compensated_replacement_certifies_nonincrease" time="0.000" /><testcase classname="tests.test_pareto_v21e3r1_v9_information_search" name="test_archive_compensated_replacement_rejects_unpaid_worsening" time="0.000" /><testcase classname="tests.test_pareto_v21e3r1_v9_information_search" name="test_first_unseen_screen_is_bounded" time="0.000" /><testcase classname="tests.test_pareto_v21e3r1_v9_information_search" name="test_dual_resource_budget_requires_all_caps" time="0.000" /><testcase classname="tests.test_pareto_v21e3r1_v9_information_search" name="test_v9_policy_is_development_only" time="0.000" /><testcase classname="tests.test_pareto_v21e3r1_v9_information_search" name="test_v9_mokp_integration_emits_screen_and_lyapunov_witnesses" time="0.291" /><testcase classname="tests.test_pareto_v21e3r1_v9_information_search" name="test_v9_semantic_payload_is_replay_complete" time="0.002" /><testcase classname="tests.test_pareto_v21e3r1_v9_information_search" name="test_v9_operator_diagnostic_reads_completed_trace" time="0.343" /><testcase classname="tests.test_pareto_v21e3r1_v9_information_search" name="test_v9_factorial_diagnostic_contracts[V21E3R1_V9_INFORMATION_SCREEN_MOKP-bounded_cache_aware_structural_screen_development_v1-bounded_reference_neighborhood_nonworse_replacement_v1-0.0]" time="0.001" /><testcase classname="tests.test_pareto_v21e3r1_v9_information_search" name="test_v9_factorial_diagnostic_contracts[V21E3R1_V9_LYAPUNOV_MOKP-disabled_v1-archive_compensated_information_lyapunov_development_v1-0.5]" time="0.000" /><testcase classname="tests.test_pareto_v21e3r1_v9_information_search" name="test_v9_factorial_diagnostic_contracts[V21E3R1_V9_INFORMATION_LYAPUNOV_MOKP-bounded_cache_aware_structural_screen_development_v1-archive_compensated_information_lyapunov_development_v1-0.5]" time="0.000" /><testcase classname="tests.test_pareto_v21e3r1_v9_strict_regressions" name="test_v9_execution_config_exposes_global_dual_resource_caps" time="0.000" /><testcase classname="tests.test_pareto_v21e3r1_v9_strict_regressions" name="test_all_single_mechanism_v9_payloads_are_branch_replay_complete[V21E3R1_V9_INFORMATION_SCREEN_MOKP-bounded_cache_aware_structural_screen_development_v1-bounded_reference_neighborhood_nonworse_replacement_v1-0.0]" time="0.002" /><testcase classname="tests.test_pareto_v21e3r1_v9_strict_regressions" name="test_all_single_mechanism_v9_payloads_are_branch_replay_complete[V21E3R1_V9_LYAPUNOV_MOKP-disabled_v1-archive_compensated_information_lyapunov_development_v1-0.5]" time="0.002" /><testcase classname="tests.test_pareto_v21e3r1_v9_strict_regressions" name="test_all_single_mechanism_v9_payloads_are_branch_replay_complete[V21E3R1_V9_INFORMATION_SCREEN_MOTSP-bounded_cache_aware_structural_screen_development_v1-bounded_reference_neighborhood_nonworse_replacement_v1-0.0]" time="0.002" /><testcase classname="tests.test_pareto_v21e3r1_v9_strict_regressions" name="test_all_single_mechanism_v9_payloads_are_branch_replay_complete[V21E3R1_V9_LYAPUNOV_MOTSP-disabled_v1-archive_compensated_information_lyapunov_development_v1-0.5]" time="0.002" /><testcase classname="tests.test_pareto_v21e3r1_v9_strict_regressions" name="test_screen_only_operator_diagnostic_reconstructs_all_archive_gain" time="0.308" /><testcase classname="tests.test_pareto_v21e3r1_v9_strict_regressions" name="test_non_v9_three_objective_run_does_not_require_2d_hypervolume" time="0.005" /><testcase classname="tests.test_pareto_v21e3r1_v9_strict_regressions" name="test_v9_motsp_both_arm_emits_screen_and_lyapunov_evidence" time="0.258" /><testcase classname="tests.test_pareto_v21e3r1_v9_strict_regressions" name="test_v9_resource_caps_fail_closed_with_terminal_receipt[attempts-disabled_v1-24-0-30.0]" time="0.178" /><testcase classname="tests.test_pareto_v21e3r1_v9_strict_regressions" name="test_v9_resource_caps_fail_closed_with_terminal_receipt[structural_screening_work-bounded_cache_aware_structural_screen_development_v1-256-8-30.0]" time="0.063" /><testcase classname="tests.test_pareto_v21e3r1_v9_strict_regressions" name="test_v9_resource_caps_fail_closed_with_terminal_receipt[wall_time_seconds-disabled_v1-256-0-1e-12]" time="0.043" /><testcase classname="tests.test_pareto_v21e3r1_v9_strict_regressions" name="test_v9_success_receipt_resource_accounting_independently_replays" time="0.318" /><testcase classname="tests.test_pareto_v21e3r1_v9_strict_regressions" name="test_v9_verifier_rejects_resealed_lyapunov_policy_witness_tamper[archive_credit]" time="0.520" /><testcase classname="tests.test_pareto_v21e3r1_v9_strict_regressions" name="test_v9_verifier_rejects_resealed_lyapunov_policy_witness_tamper[paid_worsening_target_count]" time="0.512" /><testcase classname="tests.test_pareto_v21e3r1_v9_strict_regressions" name="test_v9_verifier_rejects_resealed_lyapunov_policy_witness_tamper[unknown_field]" time="0.511" /><testcase classname="tests.test_pareto_v21e3r1_v9_strict_regressions" name="test_v9_verifier_rejects_resealed_false_empty_population_target" time="0.508" /><testcase classname="tests.test_pareto_v21e3r1_v9r1_theory_strict" name="test_v9r1_productivity_rejects_non_exact_integer_counts[True]" time="0.000" /><testcase classname="tests.test_pareto_v21e3r1_v9r1_theory_strict" name="test_v9r1_productivity_rejects_non_exact_integer_counts[1.0]" time="0.000" /><testcase classname="tests.test_pareto_v21e3r1_v9r1_theory_strict" name="test_v9r1_productivity_rejects_non_exact_integer_counts[1]" time="0.000" /><testcase classname="tests.test_pareto_v21e3r1_v9r1_theory_strict" name="test_v9r1_productivity_rejects_coercible_numeric_values[True]" time="0.000" /><testcase classname="tests.test_pareto_v21e3r1_v9r1_theory_strict" name="test_v9r1_productivity_rejects_coercible_numeric_values[0.25]" time="0.000" /><testcase classname="tests.test_pareto_v21e3r1_v9r1_theory_strict" name="test_v9r1_productivity_enforces_normalized_gain_with_boundary_tolerance" time="0.000" /><testcase classname="tests.test_pareto_v21e3r1_v9r1_theory_strict" name="test_v9r1_productivity_rejects_gain_without_a_new_state" time="0.000" /><testcase classname="tests.test_pareto_v21e3r1_v9r1_theory_strict" name="test_v9r1_budget_rejects_permissive_elapsed_coercion" time="0.000" /><testcase classname="tests.test_pareto_v21e3r1_v9r1_theory_strict" name="test_v9r1_screen_requires_exact_bool_and_accepts_none_as_a_candidate" time="0.000" /><testcase classname="tests.test_pareto_v21e3r1_v9r1_theory_strict" name="test_v9r1_archive_replacement_rejects_coercible_numeric_values[kwargs0]" time="0.000" /><testcase classname="tests.test_pareto_v21e3r1_v9r1_theory_strict" name="test_v9r1_archive_replacement_rejects_coercible_numeric_values[kwargs1]" time="0.000" /><testcase classname="tests.test_pareto_v21e3r1_v9r1_theory_strict" name="test_v9r1_archive_replacement_rejects_coercible_numeric_values[kwargs2]" time="0.000" /><testcase classname="tests.test_pareto_v21e3r1_v9r1_theory_strict" name="test_v9r1_archive_replacement_rejects_coercible_numeric_values[kwargs3]" time="0.001" /><testcase classname="tests.test_pareto_v21e3r1_v9r1_theory_strict" name="test_v9r1_archive_replacement_rejects_coercible_deltas[True]" time="0.000" /><testcase classname="tests.test_pareto_v21e3r1_v9r1_theory_strict" name="test_v9r1_archive_replacement_rejects_coercible_deltas[0.1]" time="0.000" /><testcase classname="tests.test_pareto_v21e3r1_v9r1_theory_strict" name="test_v9r1_archive_replacement_bounds_gain_and_records_numerical_slack" time="0.000" /><testcase classname="tests.test_pareto_v21e3r1_v9r1_theory_strict" name="test_v9r1_tolerance_is_small_finite_and_strictly_typed" time="0.000" /><testcase classname="tests.test_pareto_v21e3r1_v9r1_theory_strict" name="test_v9r1_composite_potential_rejects_coercible_numbers[values0-0.2-1.0]" time="0.000" /><testcase classname="tests.test_pareto_v21e3r1_v9r1_theory_strict" name="test_v9r1_composite_potential_rejects_coercible_numbers[values1-0.2-1.0]" time="0.000" /><testcase classname="tests.test_pareto_v21e3r1_v9r1_theory_strict" name="test_v9r1_composite_potential_rejects_coercible_numbers[values2-0.2-1.0]" time="0.000" /><testcase classname="tests.test_pareto_v21e3r1_v9r1_theory_strict" name="test_v9r1_composite_potential_rejects_coercible_numbers[values3-0.2-True]" time="0.000" /><testcase classname="tests.test_pareto_v21e3r1_v9r1_theory_strict" name="test_v9r1_composite_potential_enforces_normalized_hv" time="0.000" /><testcase classname="tests.test_pareto_v21e3r1_v9_diagnostics_strict" name="test_strict_diagnostic_rejects_objective_tamper_via_evaluation_chain" time="0.137" /><testcase classname="tests.test_pareto_v21e3r1_v9_diagnostics_strict" name="test_strict_diagnostic_rejects_cache_attempt_context_tamper_via_attempt_chain" time="0.060" /><testcase classname="tests.test_pareto_v21e3r1_v9_diagnostics_strict" name="test_strict_diagnostic_rejects_decision_payload_tamper_via_decision_chain" time="0.062" /><testcase classname="tests.test_pareto_v21e3r1_v9_diagnostics_strict" name="test_strict_diagnostic_rejects_rehashed_wrong_terminal_chain_binding" time="0.058" /><testcase classname="tests.test_pareto_v21e3r1_v9_diagnostics_strict" name="test_strict_diagnostic_rejects_detached_terminal_receipt_mismatch" time="0.049" /><testcase classname="tests.test_pareto_v21e3r1_v9_diagnostics_strict" name="test_strict_diagnostic_rejects_missing_detached_terminal_receipt" time="0.048" /><testcase classname="tests.test_pareto_v21e3r1_v9_diagnostics_strict" name="test_strict_diagnostic_rebuilds_hv_and_screening_by_operator" time="0.050" /><testcase classname="tests.test_pareto_v21e3r1_v9_diagnostics_strict" name="test_strict_diagnostic_reconstructs_left_continuous_auc_and_post_init_gain" time="0.049" /><testcase classname="tests.test_pareto_v21e3r1_v9_diagnostics_strict" name="test_strict_diagnostic_replays_lyapunov_witnesses_against_durable_state" time="0.119" /><testcase classname="tests.test_pareto_v21e3r1_v9_diagnostics_strict" name="test_strict_diagnostic_rejects_coherently_rehashed_false_lyapunov_witness" time="0.141" /><testcase classname="tests.test_pareto_v21e3r1_v9_diagnostics_strict" name="test_strict_diagnostic_accepts_every_exact_v9_arm[V21E3R1_V9_LEGACY_MOKP]" time="0.050" /><testcase classname="tests.test_pareto_v21e3r1_v9_diagnostics_strict" name="test_strict_diagnostic_accepts_every_exact_v9_arm[V21E3R1_V9_INFORMATION_SCREEN_MOKP]" time="0.050" /><testcase classname="tests.test_pareto_v21e3r1_v9_diagnostics_strict" name="test_strict_diagnostic_accepts_every_exact_v9_arm[V21E3R1_V9_LYAPUNOV_MOKP]" time="0.050" /><testcase classname="tests.test_pareto_v21e3r1_v9_diagnostics_strict" name="test_strict_diagnostic_accepts_every_exact_v9_arm[V21E3R1_V9_INFORMATION_LYAPUNOV_MOKP]" time="0.049" /><testcase classname="tests.test_pareto_v21e3r1_v9_diagnostics_strict" name="test_strict_diagnostic_accepts_every_exact_v9_arm[V21E3R1_V9_LEGACY_MOTSP]" time="0.049" /><testcase classname="tests.test_pareto_v21e3r1_v9_diagnostics_strict" name="test_strict_diagnostic_accepts_every_exact_v9_arm[V21E3R1_V9_INFORMATION_SCREEN_MOTSP]" time="0.049" /><testcase classname="tests.test_pareto_v21e3r1_v9_diagnostics_strict" name="test_strict_diagnostic_accepts_every_exact_v9_arm[V21E3R1_V9_LYAPUNOV_MOTSP]" time="0.051" /><testcase classname="tests.test_pareto_v21e3r1_v9_diagnostics_strict" name="test_strict_diagnostic_accepts_every_exact_v9_arm[V21E3R1_V9_INFORMATION_LYAPUNOV_MOTSP]" time="0.050" /><testcase classname="tests.test_pareto_v21e3r1_v9_diagnostics_strict" name="test_strict_diagnostic_rejects_missing_objective_bounds" time="0.051" /><testcase classname="tests.test_pareto_v21e3r1_v9_diagnostics_strict" name="test_strict_diagnostic_fails_closed_on_incomplete_trace[terminal]" time="0.065" /><testcase classname="tests.test_pareto_v21e3r1_v9_diagnostics_strict" name="test_strict_diagnostic_fails_closed_on_incomplete_trace[attempt_gap]" time="0.058" /><testcase classname="tests.test_pareto_v21e3r1_v9_diagnostics_strict" name="test_strict_diagnostic_fails_closed_on_incomplete_trace[decision]" time="0.057" /><testcase classname="tests.test_pareto_v21e3r1_v9_diagnostics_strict" name="test_diagnostic_cli_writes_canonical_report_without_overwrite" time="0.215" /><testcase classname="tests.test_pareto_v21e3r1_v9_diagnostics_strict" name="test_diagnostic_cli_accepts_explicit_detached_receipt_external_hash" time="0.057" /><testcase classname="tests.test_pareto_v21e3r1_branch_replay" name="test_replay_semantic_kwargs_accept_all_v9_diagnostic_ids[V21E3R1_V9_LEGACY_MOKP-MOKP-disabled_v1-bounded_reference_neighborhood_nonworse_replacement_v1-0.0]" time="0.001" /><testcase classname="tests.test_pareto_v21e3r1_branch_replay" name="test_replay_semantic_kwargs_accept_all_v9_diagnostic_ids[V21E3R1_V9_INFORMATION_SCREEN_MOKP-MOKP-bounded_cache_aware_structural_screen_development_v1-bounded_reference_neighborhood_nonworse_replacement_v1-0.0]" time="0.001" /><testcase classname="tests.test_pareto_v21e3r1_branch_replay" name="test_replay_semantic_kwargs_accept_all_v9_diagnostic_ids[V21E3R1_V9_LYAPUNOV_MOKP-MOKP-disabled_v1-archive_compensated_information_lyapunov_development_v1-0.5]" time="0.001" /><testcase classname="tests.test_pareto_v21e3r1_branch_replay" name="test_replay_semantic_kwargs_accept_all_v9_diagnostic_ids[V21E3R1_V9_INFORMATION_LYAPUNOV_MOKP-MOKP-bounded_cache_aware_structural_screen_development_v1-archive_compensated_information_lyapunov_development_v1-0.5]" time="0.001" /><testcase classname="tests.test_pareto_v21e3r1_branch_replay" name="test_replay_semantic_kwargs_accept_all_v9_diagnostic_ids[V21E3R1_V9_LEGACY_MOTSP-MOTSP-disabled_v1-bounded_reference_neighborhood_nonworse_replacement_v1-0.0]" time="0.001" /><testcase classname="tests.test_pareto_v21e3r1_branch_replay" name="test_replay_semantic_kwargs_accept_all_v9_diagnostic_ids[V21E3R1_V9_INFORMATION_SCREEN_MOTSP-MOTSP-bounded_cache_aware_structural_screen_development_v1-bounded_reference_neighborhood_nonworse_replacement_v1-0.0]" time="0.001" /><testcase classname="tests.test_pareto_v21e3r1_branch_replay" name="test_replay_semantic_kwargs_accept_all_v9_diagnostic_ids[V21E3R1_V9_LYAPUNOV_MOTSP-MOTSP-disabled_v1-archive_compensated_information_lyapunov_development_v1-0.5]" time="0.001" /><testcase classname="tests.test_pareto_v21e3r1_branch_replay" name="test_replay_semantic_kwargs_accept_all_v9_diagnostic_ids[V21E3R1_V9_INFORMATION_LYAPUNOV_MOTSP-MOTSP-bounded_cache_aware_structural_screen_development_v1-archive_compensated_information_lyapunov_development_v1-0.5]" time="0.001" /><testcase classname="tests.test_pareto_v21e3r1_branch_replay" name="test_replay_v9_semantic_kwargs_fail_closed_on_missing_resource_limit[attempt_cap]" time="0.000" /><testcase classname="tests.test_pareto_v21e3r1_branch_replay" name="test_replay_v9_semantic_kwargs_fail_closed_on_missing_resource_limit[structural_screening_cap]" time="0.000" /><testcase classname="tests.test_pareto_v21e3r1_branch_replay" name="test_replay_v9_semantic_kwargs_fail_closed_on_missing_resource_limit[wall_time_cap_seconds]" time="0.000" /><testcase classname="tests.test_pareto_v21e3r1_branch_replay" name="test_replay_reexecutes_all_v9_diagnostic_ids[V21E3R1_V9_LEGACY_MOKP-MOKP-disabled_v1-bounded_reference_neighborhood_nonworse_replacement_v1-0.0]" time="0.514" /><testcase classname="tests.test_pareto_v21e3r1_branch_replay" name="test_replay_reexecutes_all_v9_diagnostic_ids[V21E3R1_V9_INFORMATION_SCREEN_MOKP-MOKP-bounded_cache_aware_structural_screen_development_v1-bounded_reference_neighborhood_nonworse_replacement_v1-0.0]" time="0.432" /><testcase classname="tests.test_pareto_v21e3r1_branch_replay" name="test_replay_reexecutes_all_v9_diagnostic_ids[V21E3R1_V9_LYAPUNOV_MOKP-MOKP-disabled_v1-archive_compensated_information_lyapunov_development_v1-0.5]" time="0.616" /><testcase classname="tests.test_pareto_v21e3r1_branch_replay" name="test_replay_reexecutes_all_v9_diagnostic_ids[V21E3R1_V9_INFORMATION_LYAPUNOV_MOKP-MOKP-bounded_cache_aware_structural_screen_development_v1-archive_compensated_information_lyapunov_development_v1-0.5]" time="0.411" /><testcase classname="tests.test_pareto_v21e3r1_branch_replay" name="test_replay_reexecutes_all_v9_diagnostic_ids[V21E3R1_V9_LEGACY_MOTSP-MOTSP-disabled_v1-bounded_reference_neighborhood_nonworse_replacement_v1-0.0]" time="0.575" /><testcase classname="tests.test_pareto_v21e3r1_branch_replay" name="test_replay_reexecutes_all_v9_diagnostic_ids[V21E3R1_V9_INFORMATION_SCREEN_MOTSP-MOTSP-bounded_cache_aware_structural_screen_development_v1-bounded_reference_neighborhood_nonworse_replacement_v1-0.0]" time="0.545" /><testcase classname="tests.test_pareto_v21e3r1_branch_replay" name="test_replay_reexecutes_all_v9_diagnostic_ids[V21E3R1_V9_LYAPUNOV_MOTSP-MOTSP-disabled_v1-archive_compensated_information_lyapunov_development_v1-0.5]" time="0.513" /><testcase classname="tests.test_pareto_v21e3r1_branch_replay" name="test_replay_reexecutes_all_v9_diagnostic_ids[V21E3R1_V9_INFORMATION_LYAPUNOV_MOTSP-MOTSP-bounded_cache_aware_structural_screen_development_v1-archive_compensated_information_lyapunov_development_v1-0.5]" time="0.536" /><testcase classname="tests.test_pareto_v21e3r1_branch_replay" name="test_replay_rejects_unverifiable_explicit_source_snapshot" time="0.632" /><testcase classname="tests.test_pareto_v21e3r1_branch_replay" name="test_replay_passes_reserved_path_and_binds_complete_semantics" time="1.385" /><testcase classname="tests.test_pareto_v21e3r1_branch_replay" name="test_replay_covers_exact_successor_policy_context" time="1.879" /><testcase classname="tests.test_pareto_v21e3r1_branch_replay" name="test_replay_rejects_partial_successor_policy_context" time="1.010" /><testcase classname="tests.test_pareto_v21e3r1_branch_replay" name="test_replay_rejects_coherently_rehashed_extra_config_key" time="0.617" /><testcase classname="tests.test_pareto_v21e3r1_branch_replay" name="test_replay_rejects_successor_policy_fields_in_legacy_context" time="0.664" /><testcase classname="tests.test_pareto_v21e3r1_branch_replay" name="test_replay_covers_baseline_branch_with_exact_config" time="1.904" /><testcase classname="tests.test_pareto_v21e3r1_branch_replay" name="test_replay_rejects_manifest_missing_mo_nco_python_dependency" time="0.778" /><testcase classname="tests.test_pareto_v21e3r1_branch_replay" name="test_replay_rejects_manifest_with_extra_mo_nco_python_source" time="0.736" /><testcase classname="tests.test_pareto_v21e3r1_branch_replay" name="test_replay_rejects_manifest_with_mo_nco_dependency_hash_drift" time="0.787" /><testcase classname="tests.test_pareto_v21e3r1_branch_replay" name="test_replay_accepts_manifest_that_binds_entire_mo_nco_python_closure" time="1.456" /><testcase classname="tests.test_pareto_v21e3r1_branch_replay" name="test_replay_rejects_non_strict_source_manifest_json[duplicate_key-duplicate JSON key]" time="0.847" /><testcase classname="tests.test_pareto_v21e3r1_branch_replay" name="test_replay_rejects_non_strict_source_manifest_json[nonfinite_constant-non-finite JSON constant]" time="0.675" /><testcase classname="tests.test_pareto_v21e3r1_branch_replay" name="test_replay_rejects_non_strict_source_manifest_json[noncanonical_encoding-canonical JSON]" time="0.669" /><testcase classname="tests.test_pareto_v21e3r1_branch_replay" name="test_replay_rejects_module_only_in_unbound_manifest_inventory" time="0.693" /><testcase classname="tests.test_pareto_v21e3r1_branch_replay" name="test_compare_reports_packed_solution_tamper" time="1.400" /><testcase classname="tests.test_pareto_v21e3r1_branch_replay" name="test_replay_receipt_is_exclusive_create" time="0.685" /><testcase classname="tests.test_pareto_v21e3r1_branch_replay" name="test_replay_rejects_coherently_rehashed_terminal_accounting_tamper" time="1.307" /><testcase classname="tests.test_pareto_v21e3r1_v9_runner" name="test_runner_refuses_to_run_without_exposed_development_acknowledgement" time="0.008" /><testcase classname="tests.test_pareto_v21e3r1_v9_runner" name="test_runner_materializes_four_exact_development_arms[case0-MOKP]" time="2.408" /><testcase classname="tests.test_pareto_v21e3r1_v9_runner" name="test_runner_materializes_four_exact_development_arms[case1-MOTSP]" time="3.037" /><testcase classname="tests.test_pareto_v21e3r1_v9_runner" name="test_runner_refuses_to_overwrite_an_existing_output_directory" time="0.010" /><testcase classname="tests.test_pareto_v21e3r1_v9_runner" name="test_programmatic_runner_cannot_bypass_development_acknowledgement" time="0.005" /><testcase classname="tests.test_pareto_v21e3r1_v9_runner" name="test_runner_rejects_case_bytes_outside_frozen_exposed_manifest" time="0.017" /><testcase classname="tests.test_pareto_v21e3r1_v9_runner" name="test_resource_cap_failure_never_writes_success_summary" time="1.008" /><testcase classname="tests.test_pareto_v21e3r1_v9_runner" name="test_runner_rejects_weakened_trace_replay_report" time="0.298" /><testcase classname="tests.test_pareto_v21e3r1_v9_runner" name="test_runner_rejects_weakened_diagnostic_report" time="0.306" /><testcase classname="tests.test_pareto_v21e3r1_v9_runner" name="test_runner_rejects_weakened_branch_replay_report" time="0.655" /><testcase classname="tests.test_pareto_v21e3_trace" name="test_v21e3_evaluation_is_durable_before_return" time="0.260" /><testcase classname="tests.test_pareto_v21e3_trace" name="test_v21e3_decision_is_a_separate_durable_transaction" time="0.238" /><testcase classname="tests.test_pareto_v21e3_trace" name="test_v21e3_dimension_failure_is_durable_and_terminal" time="0.064" /><testcase classname="tests.test_pareto_v21e3_trace" name="test_v21e3_nonfinite_and_box_fail_before_evaluation_record[objective0-OBJECTIVE_NONNUMERIC]" time="0.067" /><testcase classname="tests.test_pareto_v21e3_trace" name="test_v21e3_nonfinite_and_box_fail_before_evaluation_record[objective1-OBJECTIVE_NONNUMERIC]" time="0.064" /><testcase classname="tests.test_pareto_v21e3_trace" name="test_v21e3_nonfinite_and_box_fail_before_evaluation_record[objective2-OBJECTIVE_NONFINITE]" time="0.066" /><testcase classname="tests.test_pareto_v21e3_trace" name="test_v21e3_nonfinite_and_box_fail_before_evaluation_record[objective3-OBJECTIVE_NONFINITE]" time="0.114" /><testcase classname="tests.test_pareto_v21e3_trace" name="test_v21e3_nonfinite_and_box_fail_before_evaluation_record[objective4-OBJECTIVE_NONFINITE]" time="0.063" /><testcase classname="tests.test_pareto_v21e3_trace" name="test_v21e3_nonfinite_and_box_fail_before_evaluation_record[objective5-OBJECTIVE_OUT_OF_BOUNDS]" time="0.065" /><testcase classname="tests.test_pareto_v21e3_trace" name="test_v21e3_nonfinite_and_box_fail_before_evaluation_record[objective6-OBJECTIVE_OUT_OF_BOUNDS]" time="0.063" /><testcase classname="tests.test_pareto_v21e3_trace" name="test_v21e3_evaluator_exception_is_a_durable_failed_attempt" time="0.063" /><testcase classname="tests.test_pareto_v21e3_trace" name="test_v21e3_cache_hit_is_a_durable_zero_charge_attempt" time="0.101" /><testcase classname="tests.test_pareto_v21e3_trace" name="test_v21e3_post_commit_fault_cannot_recharge_the_same_proposal" time="0.080" /><testcase classname="tests.test_pareto_v21e3_trace" name="test_v21e3_solution_digest_collision_cannot_alias_exact_solutions" time="0.064" /><testcase classname="tests.test_pareto_v21e3_trace" name="test_v21e3_schema_rejects_duplicate_charged_proposal_sha" time="0.075" /><testcase classname="tests.test_pareto_v21e3_trace" name="test_v21e3_success_finalize_writes_a_terminal_receipt" time="0.088" /><testcase classname="tests.test_pareto_v21e3_trace" name="test_v21e3_hard_crash_recovers_failure_receipt_with_unresolved_decision" time="0.258" /><testcase classname="tests.test_pareto_v21e3_trace" name="test_v21e3_solution_validation_failure_retains_proposal_attempt" time="0.076" /><testcase classname="tests.test_pareto_v21e3_trace" name="test_v21e3_raw_invalid_proposal_is_recorded_before_any_int_coercion[float]" time="0.069" /><testcase classname="tests.test_pareto_v21e3_trace" name="test_v21e3_raw_invalid_proposal_is_recorded_before_any_int_coercion[object]" time="0.062" /><testcase classname="tests.test_pareto_v21e3_trace" name="test_v21e3_partition_mismatch_is_durably_failed_before_evaluation" time="0.062" /><testcase classname="tests.test_pareto_v21e3_trace" name="test_v21e3_crash_at_every_durable_boundary_is_recoverable[after_run_start_commit-0-0-0-0-STARTED-FAILURE]" time="0.310" /><testcase classname="tests.test_pareto_v21e3_trace" name="test_v21e3_crash_at_every_durable_boundary_is_recoverable[after_proposal_commit-1-0-0-0-STARTED-FAILURE]" time="0.243" /><testcase classname="tests.test_pareto_v21e3_trace" name="test_v21e3_crash_at_every_durable_boundary_is_recoverable[after_objective_start_commit-1-0-0-0-STARTED-FAILURE]" time="0.256" /><testcase classname="tests.test_pareto_v21e3_trace" name="test_v21e3_crash_at_every_durable_boundary_is_recoverable[after_raw_objective_return-1-0-0-0-STARTED-FAILURE]" time="0.250" /><testcase classname="tests.test_pareto_v21e3_trace" name="test_v21e3_crash_at_every_durable_boundary_is_recoverable[before_evaluation_commit-1-0-0-0-STARTED-FAILURE]" time="0.708" /><testcase classname="tests.test_pareto_v21e3_trace" name="test_v21e3_crash_at_every_durable_boundary_is_recoverable[after_evaluation_commit-1-1-0-0-STARTED-FAILURE]" time="0.254" /><testcase classname="tests.test_pareto_v21e3_trace" name="test_v21e3_crash_at_every_durable_boundary_is_recoverable[before_decision_commit-1-1-0-0-STARTED-FAILURE]" time="0.257" /><testcase classname="tests.test_pareto_v21e3_trace" name="test_v21e3_crash_at_every_durable_boundary_is_recoverable[after_decision_commit-1-1-1-0-STARTED-FAILURE]" time="0.247" /><testcase classname="tests.test_pareto_v21e3_trace" name="test_v21e3_crash_at_every_durable_boundary_is_recoverable[before_terminal_commit-1-1-1-0-STARTED-FAILURE]" time="0.324" /><testcase classname="tests.test_pareto_v21e3_trace" name="test_v21e3_crash_at_every_durable_boundary_is_recoverable[after_terminal_commit-1-1-1-1-SUCCESS-SUCCESS]" time="0.253" /><testcase classname="tests.test_pareto_v21e3_trace" name="test_v21e3r1_context_rejects_every_contradictory_mirror[candidate_id-C0]" time="0.001" /><testcase classname="tests.test_pareto_v21e3_trace" name="test_v21e3r1_context_rejects_every_contradictory_mirror[seed-100]" time="0.001" /><testcase classname="tests.test_pareto_v21e3_trace" name="test_v21e3r1_context_rejects_every_contradictory_mirror[charged_evaluation_budget-10]" time="0.001" /><testcase classname="tests.test_pareto_v21e3_trace" name="test_v21e3r1_context_rejects_every_contradictory_mirror[evidence_partition-calibration]" time="0.001" /><testcase classname="tests.test_pareto_v21e3_trace" name="test_v21e3r1_context_rejects_every_contradictory_mirror[reference_directions-contradictory_value4]" time="0.001" /><testcase classname="tests.test_pareto_v21e3_trace" name="test_v21e3r1_context_v2_requires_every_authoritative_mirror[candidate_id]" time="0.001" /><testcase classname="tests.test_pareto_v21e3_trace" name="test_v21e3r1_context_v2_requires_every_authoritative_mirror[seed]" time="0.001" /><testcase classname="tests.test_pareto_v21e3_trace" name="test_v21e3r1_context_v2_requires_every_authoritative_mirror[charged_evaluations]" time="0.001" /><testcase classname="tests.test_pareto_v21e3_trace" name="test_v21e3r1_context_v2_requires_every_authoritative_mirror[phase]" time="0.001" /><testcase classname="tests.test_pareto_v21e3_trace" name="test_v21e3r1_context_v2_requires_every_authoritative_mirror[reference_directions]" time="0.001" /><testcase classname="tests.test_pareto_v21e3_trace" name="test_v21e3_legacy_v1_context_rejects_a_present_contradictory_mirror" time="0.002" /><testcase classname="tests.test_pareto_v21e3_trace_verify" name="test_v21e3_verifier_requires_exact_decision_boolean_and_integer_types[archive_changed-1]" time="0.124" /><testcase classname="tests.test_pareto_v21e3_trace_verify" name="test_v21e3_verifier_requires_exact_decision_boolean_and_integer_types[archive_size_after-True]" time="0.107" /><testcase classname="tests.test_pareto_v21e3_trace_verify" name="test_v21e3_verifier_requires_exact_terminal_count_types[attempt_count-1]" time="0.117" /><testcase classname="tests.test_pareto_v21e3_trace_verify" name="test_v21e3_verifier_requires_exact_terminal_count_types[physical_call_started_count-True]" time="0.115" /><testcase classname="tests.test_pareto_v21e3_trace_verify" name="test_v21e3_verifier_requires_exact_terminal_count_types[charged_evaluation_count-True]" time="0.116" /><testcase classname="tests.test_pareto_v21e3_trace_verify" name="test_v21e3_verifier_requires_exact_terminal_count_types[decision_count-1.0]" time="0.158" /><testcase classname="tests.test_pareto_v21e3_trace_verify" name="test_v21e3_verifier_requires_exact_terminal_count_types[cache_hit_count-0]" time="0.093" /><testcase classname="tests.test_pareto_v21e3_trace_verify" name="test_v21e3_verifier_requires_exact_terminal_count_types[unresolved_decision_count-0.0]" time="0.114" /><testcase classname="tests.test_pareto_v21e3_trace_verify" name="test_v21e3_verifier_binds_all_terminal_accounting_counts[physical_call_started_count-999-terminal physical-start count binding failed]" time="0.106" /><testcase classname="tests.test_pareto_v21e3_trace_verify" name="test_v21e3_verifier_binds_all_terminal_accounting_counts[cache_hit_count-999-terminal cache-hit count binding failed]" time="0.108" /><testcase classname="tests.test_pareto_v21e3_trace_verify" name="test_v21e3_verifier_binds_all_terminal_accounting_counts[unresolved_decision_count-999-terminal unresolved-decision count binding failed]" time="0.106" /><testcase classname="tests.test_pareto_v21e3_trace_verify" name="test_v21e3_terminal_receipt_binds_replayable_semantic_chains" time="0.108" /><testcase classname="tests.test_pareto_v21e3_trace_verify" name="test_v21e3_verifier_rejects_duplicate_solution_as_a_second_charge" time="0.112" /><testcase classname="tests.test_pareto_v21e3_trace_verify" name="test_v21e3_verifier_requires_mutually_exclusive_charge_fields[1-cache_source_evaluation_index-1-evaluated.*invalid charge]" time="0.116" /><testcase classname="tests.test_pareto_v21e3_trace_verify" name="test_v21e3_verifier_requires_mutually_exclusive_charge_fields[2-charged_evaluation_index-1-cached.*invalid charge]" time="0.108" /><testcase classname="tests.test_pareto_v21e3_trace_verify" name="test_v21e3_verifier_requires_cache_source_exact_solution" time="0.123" /><testcase classname="tests.test_pareto_v21e3_trace_verify" name="test_v21e3r1_verifier_accepts_the_strict_v2_run_context" time="0.175" /><testcase classname="tests.test_pareto_v21e3_trace_verify" name="test_v21e3_independent_verifier_rejects_semantic_tampering[solution_payload-solution fails its SHA-256 binding]" time="0.101" /><testcase classname="tests.test_pareto_v21e3_trace_verify" name="test_v21e3_independent_verifier_rejects_semantic_tampering[objective-Objective replay failed]" time="0.097" /><testcase classname="tests.test_pareto_v21e3_trace_verify" name="test_v21e3_independent_verifier_rejects_semantic_tampering[decision-Decision semantic hash chain failed]" time="0.101" /><testcase classname="tests.test_pareto_v21e3_trace_verify" name="test_v21e3_independent_verifier_rejects_semantic_tampering[terminal-SQLite and detached V21e3 terminal receipts disagree]" time="0.102" /><testcase classname="tests.test_pareto_v21e3_trace_verify" name="test_v21e3_verifier_rejects_cache_hit_context_tampering" time="0.106" /><testcase classname="tests.test_pareto_v21e3_trace_verify" name="test_v21e3_verifier_requires_the_exact_external_run_context" time="0.086" /><testcase classname="tests.test_pareto_v21e3_trace_verify" name="test_v21e3_canonical_record_iterator_is_complete_and_json_safe" time="0.090" /><testcase classname="tests.test_pareto_v21e3_trace_verify" name="test_v21e3_recorded_objectives_require_exact_json_numbers[[true,0.0]]" time="0.001" /><testcase classname="tests.test_pareto_v21e3_trace_verify" name="test_v21e3_recorded_objectives_require_exact_json_numbers[[&quot;1&quot;,0.0]]" time="0.001" /><testcase classname="tests.test_pareto_v21e3_trace_verify" name="test_v21e3_recorded_objectives_require_exact_json_numbers[[1.0]]" time="0.001" /><testcase classname="tests.test_pareto_v21e3_trace_verify" name="test_v21e3_recorded_objectives_require_exact_json_numbers[[1.0,0.0,2.0]]" time="0.001" /><testcase classname="tests.test_pareto_v21e3_trace_verify" name="test_v21e3_independent_verifier_accepts_bound_failure_receipt" time="0.065" /><testcase classname="tests.test_pareto_v21e3_trace_chunks" name="test_trace_chunk_prototype_roundtrips_and_hash_chains" time="0.046" /><testcase classname="tests.test_pareto_v21e3_trace_chunks" name="test_trace_chunk_writer_commits_before_exhausting_single_pass_input" time="0.046" /><testcase classname="tests.test_pareto_v21e3_trace_chunks" name="test_trace_chunk_replay_validates_full_archive_before_first_yield" time="0.043" /><testcase classname="tests.test_pareto_v21e3_trace_chunks" name="test_trace_chunk_crash_injection_never_commits_a_manifest" time="0.016" /><testcase classname="tests.test_pareto_v21e3_trace_chunks" name="test_trace_chunk_writer_enforces_byte_bound_independent_of_record_count" time="0.064" /><testcase classname="tests.test_pareto_v21e3_trace_chunks" name="test_trace_chunk_reader_rejects_unbounded_manifest_before_replay" time="0.076" /><testcase classname="tests.test_pareto_v21e3_trace_chunks" name="test_trace_chunk_reader_rejects_truncated_committed_chunk" time="0.033" /><testcase classname="tests.test_pareto_v21e3_trace_chunks" name="test_trace_chunk_reader_rejects_uncommitted_or_extra_files" time="0.043" /><testcase classname="tests.test_pareto_v21e3_trace_chunks" name="test_trace_chunk_reader_rejects_zero_record_archive" time="0.027" /><testcase classname="tests.test_pareto_v21e3_trace_chunks" name="test_trace_chunk_reader_rejects_numeric_string_coercion" time="0.042" /><testcase classname="tests.test_pareto_v21e3_trace_chunks" name="test_streaming_audit_receipt_preserves_nonformal_boundary" time="0.810" /><testcase classname="tests.test_pareto_v21e3r1_v9_protocol" name="test_resource_caps_accept_exact_b_a_s_t_types" time="0.001" /><testcase classname="tests.test_pareto_v21e3r1_v9_protocol" name="test_resource_caps_reject_coercible_or_invalid_values[caps0-B]" time="0.002" /><testcase classname="tests.test_pareto_v21e3r1_v9_protocol" name="test_resource_caps_reject_coercible_or_invalid_values[caps1-A]" time="0.001" /><testcase classname="tests.test_pareto_v21e3r1_v9_protocol" name="test_resource_caps_reject_coercible_or_invalid_values[caps2-S]" time="0.002" /><testcase classname="tests.test_pareto_v21e3r1_v9_protocol" name="test_resource_caps_reject_coercible_or_invalid_values[caps3-T]" time="0.001" /><testcase classname="tests.test_pareto_v21e3r1_v9_protocol" name="test_resource_caps_reject_coercible_or_invalid_values[caps4-T]" time="0.001" /><testcase classname="tests.test_pareto_v21e3r1_v9_protocol" name="test_resource_caps_reject_coercible_or_invalid_values[caps5-T]" time="0.001" /><testcase classname="tests.test_pareto_v21e3r1_v9_protocol" name="test_resource_caps_reject_coercible_or_invalid_values[caps6-at least B]" time="0.001" /><testcase classname="tests.test_pareto_v21e3r1_v9_protocol" name="test_packaged_protocol_is_a_machine_readable_predevelopment_hold" time="0.002" /><testcase classname="tests.test_pareto_v21e3r1_v9_protocol" name="test_protocol_loader_accepts_explicit_path_and_file_sha_binding" time="0.002" /><testcase classname="tests.test_pareto_v21e3r1_v9_protocol" name="test_protocol_canonically_binds_resource_menu_and_exposed_scope" time="0.002" /><testcase classname="tests.test_pareto_v21e3r1_v9_protocol" name="test_protocol_rejects_type_authorization_scope_and_menu_drift[path0-1]" time="0.002" /><testcase classname="tests.test_pareto_v21e3r1_v9_protocol" name="test_protocol_rejects_type_authorization_scope_and_menu_drift[path1-True]" time="0.002" /><testcase classname="tests.test_pareto_v21e3r1_v9_protocol" name="test_protocol_rejects_type_authorization_scope_and_menu_drift[path2-True]" time="0.001" /><testcase classname="tests.test_pareto_v21e3r1_v9_protocol" name="test_protocol_rejects_type_authorization_scope_and_menu_drift[path3-SELECTION]" time="0.001" /><testcase classname="tests.test_pareto_v21e3r1_v9_protocol" name="test_protocol_rejects_type_authorization_scope_and_menu_drift[path4-True]" time="0.003" /><testcase classname="tests.test_pareto_v21e3r1_v9_protocol" name="test_protocol_rejects_type_authorization_scope_and_menu_drift[path5-replacement5]" time="0.001" /><testcase classname="tests.test_pareto_v21e3r1_v9_protocol" name="test_protocol_rejects_unknown_non_string_root_key" time="0.001" /><testcase classname="tests.test_pareto_v21e3r1_v9_protocol" name="test_protocol_rejects_forged_self_hash" time="0.003" /><testcase classname="tests.test_pareto_v21e3r1_v9_protocol" name="test_protocol_loader_rejects_duplicate_and_noncanonical_json" time="0.015" /><testcase classname="tests.test_pareto_v21e3r1_v9_protocol" name="test_protocol_loader_rejects_wrong_file_sha_binding" time="0.002" /><testcase classname="tests.test_pareto_v21e3r1_v9_protocol" name="test_protocol_case_manifest_and_arm_menu_match_current_v9r1_code" time="0.002" /><testcase classname="tests.test_pareto_v21e3r1_v9_protocol" name="test_theory_resource_contract_matches_executable_s_definition" time="0.010" /><testcase classname="tests.test_pareto_v21e3r1_v9_gate" name="test_gate_materializes_exact_predevelopment_hold" time="0.002" /><testcase classname="tests.test_pareto_v21e3r1_v9_gate" name="test_gate_writes_canonical_receipt_and_refuses_overwrite" time="0.020" /><testcase classname="tests.test_pareto_v21e3r1_v9_gate" name="test_gate_cli_returns_hold_exit_code_and_writes_receipt" time="0.015" /><testcase classname="tests.test_pareto_v21e3r1_v9_packaging" name="test_package_and_project_versions_are_v9r2r1_identity" time="0.001" /><testcase classname="tests.test_pareto_v21e3r1_v9_packaging" name="test_plain_package_import_does_not_preload_executable_v9_modules" time="0.188" /><testcase classname="tests.test_pareto_v21e3r1_v9_packaging" name="test_lazy_root_exports_preserve_public_import_compatibility" time="0.223" /><testcase classname="tests.test_pareto_v21e3r1_v9_packaging" name="test_python_m_cli_help_is_runtimewarning_clean[mo_nco.pareto_v21e3r1_v9_gate]" time="0.203" /><testcase classname="tests.test_pareto_v21e3r1_v9_packaging" name="test_python_m_cli_help_is_runtimewarning_clean[mo_nco.pareto_v21e3r1_v9_diagnostics]" time="0.201" /><testcase classname="tests.test_pareto_v21e3r1_v9_packaging" name="test_unknown_package_attribute_still_raises_attribute_error" time="0.000" /><testcase classname="tests.test_build_v9r2r1_engineering_source_bundle" name="test_source_bundle_is_reproducible_and_self_verified" time="1.305" /><testcase classname="tests.test_build_v9r2r1_engineering_source_bundle" name="test_manifest_is_canonical_self_hashed_and_includes_integration_fix" time="0.003" /><testcase classname="tests.test_build_v9r2r1_engineering_source_bundle" name="test_zip_exact_closure_metadata_and_detached_manifest_match" time="0.161" /><testcase classname="tests.test_build_v9r2r1_engineering_source_bundle" name="test_verifier_fails_closed_on_detached_manifest_drift" time="0.011" /><testcase classname="tests.test_build_v9r2r1_engineering_source_bundle" name="test_verifier_fails_closed_on_live_source_drift" time="0.402" /><testcase classname="tests.test_build_v9r2r1_engineering_source_bundle" name="test_builder_requires_an_existing_empty_output_directory" time="0.011" /><testcase classname="tests.test_check_v9r2r1_full_suite_environment" name="test_pass_only_authorizes_starting_the_full_test_command" time="0.003" /><testcase classname="tests.test_check_v9r2r1_full_suite_environment" name="test_native_backend_load_failure_is_a_fail_closed_environment_hold" time="0.002" /><testcase classname="tests.test_check_v9r2r1_full_suite_environment" name="test_version_or_interpreter_drift_is_not_accepted" time="0.003" /><testcase classname="tests.test_check_v9r2r1_full_suite_environment" name="test_native_inventory_error_fails_closed_without_hiding_import_pass" time="0.002" /><testcase classname="tests.test_check_v9r2r1_full_suite_environment" name="test_exclusive_receipt_is_canonical_and_refuses_overwrite" time="0.014" /><testcase classname="tests.test_pareto_v21e3r1_development_diagnostic_runner" name="test_full_mode_rejects_any_nonexact_arm_design[subset]" time="0.027" /><testcase classname="tests.test_pareto_v21e3r1_development_diagnostic_runner" name="test_full_mode_rejects_any_nonexact_arm_design[duplicate]" time="0.009" /><testcase classname="tests.test_pareto_v21e3r1_development_diagnostic_runner" name="test_full_mode_rejects_any_nonexact_arm_design[out-of-order]" time="0.026" /><testcase classname="tests.test_pareto_v21e3r1_development_diagnostic_runner" name="test_smoke_rejects_a_case_outside_the_frozen_exposed_packet" time="0.026" /><testcase classname="tests.test_pareto_v21e3r1_development_diagnostic_runner" name="test_smoke_rejects_booleans_in_exact_integer_fields[boolean-budget]" time="0.010" /><testcase classname="tests.test_pareto_v21e3r1_development_diagnostic_runner" name="test_smoke_rejects_booleans_in_exact_integer_fields[boolean-seed]" time="0.010" /><testcase classname="tests.test_pareto_v21e3r1_development_diagnostic_runner" name="test_single_c0_smoke_passes_strict_48_evaluation_replay_at_reserved_path" time="3.529" /><testcase classname="tests.test_pareto_v21e3r1_development_diagnostic_runner" name="test_completed_smoke_resume_returns_the_existing_sealed_receipt" time="3.637" /><testcase classname="tests.test_pareto_v21e3r1_development_diagnostic_runner" name="test_completed_smoke_resume_rejects_a_tampered_row_artifact" time="2.953" /><testcase classname="tests.test_v21e3r1_same_implementation_branch_replay_coverage" name="test_one_row_smoke_replays_end_to_end_without_authorizing_later_phases" time="4.564" /><testcase classname="tests.test_v21e3r1_same_implementation_branch_replay_coverage" name="test_resume_rejects_a_tampered_exclusive_final_receipt" time="4.143" /><testcase classname="tests.test_v21e3r1_same_implementation_branch_replay_coverage" name="test_timeout_terminates_the_entire_worker_process_tree" time="4.293" /><testcase classname="tests.test_v21e3r1_same_implementation_branch_replay_coverage" name="test_a_terminal_diagnostic_receipt_cannot_coexist_with_missing_row_markers" time="0.808" /><testcase classname="tests.test_v21e3r1_same_implementation_branch_replay_coverage" name="test_inflight_partial_diagnostic_returns_resumable_hold_without_final_receipt" time="0.806" /><testcase classname="tests.test_v21e3r1_same_implementation_branch_replay_coverage" name="test_diagnostic_artifact_hashes_are_rechecked_before_replay" time="0.826" /><testcase classname="tests.test_v21e3r1_same_implementation_branch_replay_coverage" name="test_failed_attempt_is_append_only_and_resume_uses_the_next_attempt" time="4.192" /><testcase classname="tests.test_v21e3r1_same_implementation_branch_replay_coverage" name="test_unconfirmed_tree_termination_is_never_labeled_terminated" time="0.842" /><testcase classname="tests.test_v21e3r1_same_implementation_branch_replay_coverage" name="test_jobs_two_is_verification_only_and_final_rows_follow_plan_order" time="6.220" /><testcase classname="tests.test_v21e3r1_same_implementation_branch_replay_coverage" name="test_nsga2_and_moead_completed_rows_replay_through_existing_dispatch" time="7.152" /><testcase classname="tests.test_v21e3r1_same_implementation_branch_replay_coverage" name="test_declared_full_plan_must_be_the_exact_frozen_504_row_design" time="0.012" /><testcase classname="tests.test_v21e3r1_same_implementation_branch_replay_coverage" name="test_smoke_plan_requires_explicit_engineering_opt_in" time="0.010" /><testcase classname="tests.test_v21e3r1_same_implementation_branch_replay_coverage" name="test_completed_coverage_is_exclusive_and_resume_is_validation_only" time="4.802" /><testcase classname="tests.test_v21e3r1_same_implementation_branch_replay_coverage" name="test_resume_rechecks_sealed_branch_replay_artifact_hashes" time="3.921" /><testcase classname="tests.test_v21e3r1_same_implementation_branch_replay_coverage" name="test_exact_full_plan_has_504_unique_keys_but_cannot_pass_without_all_markers" time="0.807" /></testsuite></testsuites>